This file contains any messages produced by compilers while
running configure, to aid debugging if configure makes a mistake.

It was created by Berkeley DB configure 4.7.25, which was
generated by GNU Autoconf 2.61.  Invocation command line was

  $ ../dist/configure --disable-java --disable-shared --prefix=/usr docdir=/usr/BerkeleyDB/docs

## --------- ##
## Platform. ##
## --------- ##

hostname = ARI-PAVILION
uname -m = x86_64
uname -r = 19.6.0
uname -s = Darwin
uname -v = Darwin Kernel Version 19.6.0: Sun Jul  5 00:43:10 PDT 2020; root:xnu-6153.141.1~9/RELEASE_X86_64

/usr/bin/uname -p = i386
/bin/uname -X     = unknown

/bin/arch              = unknown
/usr/bin/arch -k       = unknown
/usr/convex/getsysinfo = unknown
/usr/bin/hostinfo      = Mach kernel version:
	 Darwin Kernel Version 19.6.0: Sun Jul  5 00:43:10 PDT 2020; root:xnu-6153.141.1~9/RELEASE_X86_64
Kernel configured for up to 12 processors.
6 processors are physically available.
12 processors are logically available.
Processor type: x86_64h (Intel x86-64h Haswell)
Processors active: 0 1 2 3 4 5 6 7 8 9 10 11
Primary memory available: 12.00 gigabytes
Default processor set: 337 tasks, 1521 threads, 12 processors
Load average: 1.46, Mach factor: 10.53
/bin/machine           = unknown
/usr/bin/oslevel       = unknown
/bin/universe          = unknown

PATH: /Users/ariel/.cargo/bin
PATH: /Users/ariel/.cargo/bin
PATH: /Users/ariel/bin
PATH: /Users/ariel/private-bin
PATH: /usr/local/bin
PATH: /usr/bin
PATH: /bin
PATH: /usr/sbin
PATH: /sbin
PATH: /Library/Apple/usr/bin


## ----------- ##
## Core tests. ##
## ----------- ##

configure:2074: checking build system type
configure:2092: result: i386-apple-darwin19.6.0
configure:2114: checking host system type
configure:2129: result: i386-apple-darwin19.6.0
configure:2166: checking if building in the top-level or dist directories
configure:2182: result: no
configure:2267: checking if --disable-cryptography option specified
configure:2280: result: no
configure:2284: checking if --disable-hash option specified
configure:2297: result: no
configure:2301: checking if --disable-mutexsupport option specified
configure:2314: result: no
configure:2318: checking if --disable-queue option specified
configure:2331: result: no
configure:2335: checking if --disable-replication option specified
configure:2348: result: no
configure:2352: checking if --disable-statistics option specified
configure:2365: result: no
configure:2369: checking if --disable-verify option specified
configure:2382: result: no
configure:2386: checking if --enable-compat185 option specified
configure:2395: result: no
configure:2398: checking if --enable-cxx option specified
configure:2407: result: no
configure:2410: checking if --enable-debug option specified
configure:2419: result: no
configure:2422: checking if --enable-debug_rop option specified
configure:2431: result: no
configure:2434: checking if --enable-debug_wop option specified
configure:2443: result: no
configure:2446: checking if --enable-diagnostic option specified
configure:2470: result: no
configure:2474: checking if --enable-dump185 option specified
configure:2483: result: no
configure:2486: checking if --enable-java option specified
configure:2495: result: no
configure:2498: checking if --enable-mingw option specified
configure:2507: result: no
configure:2510: checking if --enable-o_direct option specified
configure:2519: result: no
configure:2522: checking if --enable-posixmutexes option specified
configure:2531: result: no
configure:2542: checking if --enable-pthread_api option specified
configure:2555: result: no
configure:2566: checking if --enable-rpc option specified
configure:2575: result: no
configure:2578: checking if --enable-smallbuild option specified
configure:2595: result: no
configure:2598: checking if --enable-tcl option specified
configure:2607: result: no
configure:2610: checking if --enable-test option specified
configure:2619: result: no
configure:2622: checking if --enable-uimutexes option specified
configure:2631: result: no
configure:2634: checking if --enable-umrw option specified
configure:2643: result: no
configure:2646: checking if --with-mutex=MUTEX option specified
configure:2664: result: no
configure:2678: checking if --with-tcl=DIR option specified
configure:2688: result: no
configure:2694: checking if --with-uniquename=NAME option specified
configure:2707: result: no
configure:2825: checking for chmod
configure:2841: found /bin/chmod
configure:2852: result: chmod
configure:2925: checking for cp
configure:2941: found /bin/cp
configure:2952: result: cp
configure:3128: checking for ln
configure:3144: found /bin/ln
configure:3155: result: ln
configure:3228: checking for mkdir
configure:3244: found /bin/mkdir
configure:3255: result: mkdir
configure:3328: checking for rm
configure:3344: found /bin/rm
configure:3355: result: rm
configure:3537: checking for sh
configure:3555: found /bin/sh
configure:3567: result: /bin/sh
configure:3614: checking for a BSD-compatible install
configure:3670: result: /usr/bin/install -c
configure:3820: checking for cc
configure:3836: found /usr/bin/cc
configure:3847: result: cc
configure:3883: checking for C compiler version
configure:3890: cc --version >&5
Apple clang version 11.0.3 (clang-1103.0.32.62)
Target: x86_64-apple-darwin19.6.0
Thread model: posix
InstalledDir: /Applications/Xcode.app/Contents/Developer/Toolchains/XcodeDefault.xctoolchain/usr/bin
configure:3893: $? = 0
configure:3900: cc -v >&5
Apple clang version 11.0.3 (clang-1103.0.32.62)
Target: x86_64-apple-darwin19.6.0
Thread model: posix
InstalledDir: /Applications/Xcode.app/Contents/Developer/Toolchains/XcodeDefault.xctoolchain/usr/bin
configure:3903: $? = 0
configure:3910: cc -V >&5
clang: error: unsupported option '-V -Wno-objc-signed-char-bool-implicit-int-conversion'
clang: error: no input files
configure:3913: $? = 1
configure:3936: checking for C compiler default output file name
configure:3963: cc -O   conftest.c  >&5
configure:3966: $? = 0
configure:4004: result: a.out
configure:4021: checking whether the C compiler works
configure:4031: ./a.out
configure:4034: $? = 0
configure:4051: result: yes
configure:4058: checking whether we are cross compiling
configure:4060: result: no
configure:4063: checking for suffix of executables
configure:4070: cc -o conftest -O   conftest.c  >&5
configure:4073: $? = 0
configure:4097: result: 
configure:4103: checking for suffix of object files
configure:4129: cc -c -O  conftest.c >&5
configure:4132: $? = 0
configure:4155: result: o
configure:4159: checking whether we are using the GNU C compiler
configure:4188: cc -c -O  conftest.c >&5
configure:4194: $? = 0
configure:4211: result: yes
configure:4216: checking whether cc accepts -g
configure:4246: cc -c -g  conftest.c >&5
configure:4252: $? = 0
configure:4351: result: yes
configure:4368: checking for cc option to accept ISO C89
configure:4442: cc  -c -O  conftest.c >&5
configure:4448: $? = 0
configure:4471: result: none needed
configure:4512: checking for an ANSI C-conforming const
configure:4587: cc -c -O3   conftest.c >&5
configure:4593: $? = 0
configure:4608: result: yes
configure:4618: checking for inline
configure:4644: cc -c -O3   conftest.c >&5
configure:4650: $? = 0
configure:4668: result: inline
configure:5880: checking whether we are using gcc version 2.96
configure:5895: result: no
configure:5906: checking whether g++ requires -fhandle-exceptions
configure:5921: result: no
configure:6018: checking for a sed that does not truncate output
configure:6072: result: /usr/bin/sed
configure:6075: checking for grep that handles long lines and -e
configure:6149: result: /usr/bin/grep
configure:6154: checking for egrep
configure:6232: result: /usr/bin/grep -E
configure:6248: checking for ld used by cc
configure:6315: result: /Applications/Xcode.app/Contents/Developer/Toolchains/XcodeDefault.xctoolchain/usr/bin/ld
configure:6324: checking if the linker (/Applications/Xcode.app/Contents/Developer/Toolchains/XcodeDefault.xctoolchain/usr/bin/ld) is GNU ld
configure:6339: result: no
configure:6344: checking for /Applications/Xcode.app/Contents/Developer/Toolchains/XcodeDefault.xctoolchain/usr/bin/ld option to reload object files
configure:6351: result: -r
configure:6369: checking for BSD-compatible nm
configure:6418: result: /usr/bin/nm -B
configure:6422: checking whether ln -s works
configure:6426: result: yes
configure:6433: checking how to recognise dependent libraries
configure:6609: result: pass_all
configure:6842: checking how to run the C preprocessor
configure:6882: cc -E  conftest.c
configure:6888: $? = 0
configure:6919: cc -E  conftest.c
conftest.c:9:10: fatal error: 'ac_nonexistent.h' file not found
#include <ac_nonexistent.h>
         ^~~~~~~~~~~~~~~~~~
1 error generated.
configure:6925: $? = 1
configure: failed program was:
| /* confdefs.h.  */
| #define PACKAGE_NAME "Berkeley DB"
| #define PACKAGE_TARNAME "db-4.7.25"
| #define PACKAGE_VERSION "4.7.25"
| #define PACKAGE_STRING "Berkeley DB 4.7.25"
| #define PACKAGE_BUGREPORT "Oracle Technology Network Berkeley DB forum"
| #define HAVE_UPGRADE_SUPPORT 1
| /* end confdefs.h.  */
| #include <ac_nonexistent.h>
configure:6958: result: cc -E
configure:6987: cc -E  conftest.c
configure:6993: $? = 0
configure:7024: cc -E  conftest.c
conftest.c:9:10: fatal error: 'ac_nonexistent.h' file not found
#include <ac_nonexistent.h>
         ^~~~~~~~~~~~~~~~~~
1 error generated.
configure:7030: $? = 1
configure: failed program was:
| /* confdefs.h.  */
| #define PACKAGE_NAME "Berkeley DB"
| #define PACKAGE_TARNAME "db-4.7.25"
| #define PACKAGE_VERSION "4.7.25"
| #define PACKAGE_STRING "Berkeley DB 4.7.25"
| #define PACKAGE_BUGREPORT "Oracle Technology Network Berkeley DB forum"
| #define HAVE_UPGRADE_SUPPORT 1
| /* end confdefs.h.  */
| #include <ac_nonexistent.h>
configure:7068: checking for ANSI C header files
configure:7098: cc -c -O3   conftest.c >&5
configure:7104: $? = 0
configure:7203: cc -o conftest -O3    conftest.c  >&5
configure:7206: $? = 0
configure:7212: ./conftest
configure:7215: $? = 0
configure:7232: result: yes
configure:7256: checking for sys/types.h
configure:7277: cc -c -O3   conftest.c >&5
configure:7283: $? = 0
configure:7299: result: yes
configure:7256: checking for sys/stat.h
configure:7277: cc -c -O3   conftest.c >&5
configure:7283: $? = 0
configure:7299: result: yes
configure:7256: checking for stdlib.h
configure:7277: cc -c -O3   conftest.c >&5
configure:7283: $? = 0
configure:7299: result: yes
configure:7256: checking for string.h
configure:7277: cc -c -O3   conftest.c >&5
configure:7283: $? = 0
configure:7299: result: yes
configure:7256: checking for memory.h
configure:7277: cc -c -O3   conftest.c >&5
configure:7283: $? = 0
configure:7299: result: yes
configure:7256: checking for strings.h
configure:7277: cc -c -O3   conftest.c >&5
configure:7283: $? = 0
configure:7299: result: yes
configure:7256: checking for inttypes.h
configure:7277: cc -c -O3   conftest.c >&5
configure:7283: $? = 0
configure:7299: result: yes
configure:7256: checking for stdint.h
configure:7277: cc -c -O3   conftest.c >&5
configure:7283: $? = 0
configure:7299: result: yes
configure:7256: checking for unistd.h
configure:7277: cc -c -O3   conftest.c >&5
configure:7283: $? = 0
configure:7299: result: yes
configure:7326: checking dlfcn.h usability
configure:7343: cc -c -O3   conftest.c >&5
configure:7349: $? = 0
configure:7363: result: yes
configure:7367: checking dlfcn.h presence
configure:7382: cc -E  conftest.c
configure:7388: $? = 0
configure:7402: result: yes
configure:7435: checking for dlfcn.h
configure:7443: result: yes
configure:7742: checking for g77
configure:7772: result: no
configure:7742: checking for xlf
configure:7772: result: no
configure:7742: checking for f77
configure:7772: result: no
configure:7742: checking for frt
configure:7772: result: no
configure:7742: checking for pgf77
configure:7772: result: no
configure:7742: checking for cf77
configure:7772: result: no
configure:7742: checking for fort77
configure:7772: result: no
configure:7742: checking for fl32
configure:7772: result: no
configure:7742: checking for af77
configure:7772: result: no
configure:7742: checking for xlf90
configure:7772: result: no
configure:7742: checking for f90
configure:7772: result: no
configure:7742: checking for pgf90
configure:7772: result: no
configure:7742: checking for pghpf
configure:7772: result: no
configure:7742: checking for epcf90
configure:7772: result: no
configure:7742: checking for gfortran
configure:7772: result: no
configure:7742: checking for g95
configure:7772: result: no
configure:7742: checking for xlf95
configure:7772: result: no
configure:7742: checking for f95
configure:7772: result: no
configure:7742: checking for fort
configure:7772: result: no
configure:7742: checking for ifort
configure:7772: result: no
configure:7742: checking for ifc
configure:7772: result: no
configure:7742: checking for efc
configure:7772: result: no
configure:7742: checking for pgf95
configure:7772: result: no
configure:7742: checking for lf95
configure:7772: result: no
configure:7742: checking for ftn
configure:7772: result: no
configure:7799: checking for Fortran 77 compiler version
configure:7806:  --version >&5
../dist/configure: line 7807: --version: command not found
configure:7809: $? = 127
configure:7816:  -v >&5
../dist/configure: line 7817: -v: command not found
configure:7819: $? = 127
configure:7826:  -V >&5
../dist/configure: line 7827: -V: command not found
configure:7829: $? = 127
configure:7837: checking whether we are using the GNU Fortran 77 compiler
configure:7856:  -c  conftest.F >&5
../dist/configure: line 7857: -c: command not found
configure:7862: $? = 127
configure: failed program was:
|       program main
| #ifndef __GNUC__
|        choke me
| #endif
| 
|       end
configure:7879: result: no
configure:7885: checking whether  accepts -g
configure:7902:  -c -g conftest.f >&5
../dist/configure: line 7903: -c: command not found
configure:7908: $? = 127
configure: failed program was:
|       program main
| 
|       end
configure:7924: result: no
configure:7954: checking the maximum length of command line arguments
configure:8063: result: 196608
configure:8074: checking command to parse /usr/bin/nm -B output from cc object
configure:8179: cc -c -O3   conftest.c >&5
configure:8182: $? = 0
configure:8186: /usr/bin/nm -B conftest.o \| sed -n -e 's/^.*[ 	]\([BCDEGRST][BCDEGRST]*\)[ 	][ 	]*\([_A-Za-z][_A-Za-z0-9]*\)$/\1 \2 \2/p' \> conftest.nm
configure:8189: $? = 0
cannot find nm_test_var in conftest.nm
configure:8179: cc -c -O3   conftest.c >&5
configure:8182: $? = 0
configure:8186: /usr/bin/nm -B conftest.o \| sed -n -e 's/^.*[ 	]\([BCDEGRST][BCDEGRST]*\)[ 	][ 	]*_\([_A-Za-z][_A-Za-z0-9]*\)$/\1 _\2 \2/p' \> conftest.nm
configure:8189: $? = 0
configure:8241: cc -o conftest -O3    conftest.c conftstm.o >&5
configure:8244: $? = 0
configure:8282: result: ok
configure:8286: checking for objdir
configure:8301: result: .libs
configure:8393: checking for ar
configure:8409: found /usr/bin/ar
configure:8420: result: ar
configure:8489: checking for ranlib
configure:8505: found /usr/bin/ranlib
configure:8516: result: ranlib
configure:8585: checking for strip
configure:8601: found /usr/bin/strip
configure:8612: result: strip
configure:8902: checking if cc supports -fno-rtti -fno-exceptions
configure:8920: cc -c -O3   -fno-rtti -fno-exceptions conftest.c >&5
configure:8924: $? = 0
configure:8937: result: yes
configure:8952: checking for cc option to produce PIC
configure:9162: result: -fno-common
configure:9170: checking if cc PIC flag -fno-common works
configure:9188: cc -c -O3   -fno-common -DPIC conftest.c >&5
configure:9192: $? = 0
configure:9205: result: yes
configure:9233: checking if cc static flag -static works
configure:9261: result: no
configure:9271: checking if cc supports -c -o file.o
configure:9292: cc -c -O3   -o out/conftest2.o conftest.c >&5
configure:9296: $? = 0
configure:9318: result: yes
configure:9344: checking whether the cc linker (/Applications/Xcode.app/Contents/Developer/Toolchains/XcodeDefault.xctoolchain/usr/bin/ld) supports shared libraries
configure:10298: result: yes
configure:10365: checking dynamic linker characteristics
configure:10953: result: darwin19.6.0 dyld
configure:10962: checking how to hardcode library paths into programs
configure:10987: result: immediate
configure:11001: checking whether stripping libraries is possible
configure:11014: result: yes
configure:11807: checking if libtool supports shared libraries
configure:11809: result: yes
configure:11812: checking whether to build shared libraries
configure:11833: result: no
configure:11836: checking whether to build static libraries
configure:11840: result: yes
configure:11932: creating libtool
configure:21060: checking SOSUFFIX from libtool
configure:21082: result: .dylib
configure:21087: checking MODSUFFIX from libtool
configure:21109: result: .so
configure:21114: checking JMODSUFFIX from libtool
configure:21140: result: .jnilib
configure:22000: checking whether stat file-mode macros are broken
configure:22037: cc -c -O3   conftest.c >&5
configure:22043: $? = 0
configure:22058: result: no
configure:22068: checking whether time.h and sys/time.h may both be included
configure:22098: cc -c -O3   conftest.c >&5
configure:22104: $? = 0
configure:22119: result: yes
configure:22137: checking for dirent.h that defines DIR
configure:22166: cc -c -O3   conftest.c >&5
configure:22172: $? = 0
configure:22188: result: yes
configure:22201: checking for library containing opendir
configure:22242: cc -o conftest -O3    conftest.c  >&5
configure:22248: $? = 0
configure:22276: result: none required
configure:22388: checking execinfo.h usability
configure:22405: cc -c -O3   conftest.c >&5
configure:22411: $? = 0
configure:22425: result: yes
configure:22429: checking execinfo.h presence
configure:22444: cc -E  conftest.c
configure:22450: $? = 0
configure:22464: result: yes
configure:22497: checking for execinfo.h
configure:22505: result: yes
configure:22388: checking sys/select.h usability
configure:22405: cc -c -O3   conftest.c >&5
configure:22411: $? = 0
configure:22425: result: yes
configure:22429: checking sys/select.h presence
configure:22444: cc -E  conftest.c
configure:22450: $? = 0
configure:22464: result: yes
configure:22497: checking for sys/select.h
configure:22505: result: yes
configure:22388: checking sys/socket.h usability
configure:22405: cc -c -O3   conftest.c >&5
configure:22411: $? = 0
configure:22425: result: yes
configure:22429: checking sys/socket.h presence
configure:22444: cc -E  conftest.c
configure:22450: $? = 0
configure:22464: result: yes
configure:22497: checking for sys/socket.h
configure:22505: result: yes
configure:22388: checking sys/time.h usability
configure:22405: cc -c -O3   conftest.c >&5
configure:22411: $? = 0
configure:22425: result: yes
configure:22429: checking sys/time.h presence
configure:22444: cc -E  conftest.c
configure:22450: $? = 0
configure:22464: result: yes
configure:22497: checking for sys/time.h
configure:22505: result: yes
configure:22518: checking for struct stat.st_blksize
configure:22546: cc -c -O3   conftest.c >&5
configure:22552: $? = 0
configure:22609: result: yes
configure:22635: checking for inttypes.h
configure:22640: result: yes
configure:22780: checking for stdint.h
configure:22795: cc -c -O3   conftest.c >&5
configure:22801: $? = 0
configure:22806: result: yes
configure:22896: checking stddef.h usability
configure:22913: cc -c -O3   conftest.c >&5
configure:22919: $? = 0
configure:22933: result: yes
configure:22937: checking stddef.h presence
configure:22952: cc -E  conftest.c
configure:22958: $? = 0
configure:22972: result: yes
configure:23005: checking for stddef.h
configure:23012: result: yes
configure:23026: checking for unistd.h
configure:23031: result: yes
configure:23167: checking for char
configure:23198: cc -c -O3   conftest.c >&5
configure:23204: $? = 0
configure:23219: result: yes
configure:23226: checking size of char
configure:23534: cc -o conftest -O3    conftest.c  >&5
configure:23537: $? = 0
configure:23543: ./conftest
configure:23546: $? = 0
configure:23569: result: 1
configure:23579: checking for unsigned char
configure:23610: cc -c -O3   conftest.c >&5
configure:23616: $? = 0
configure:23631: result: yes
configure:23638: checking size of unsigned char
configure:23946: cc -o conftest -O3    conftest.c  >&5
configure:23949: $? = 0
configure:23955: ./conftest
configure:23958: $? = 0
configure:23981: result: 1
configure:23991: checking for short
configure:24022: cc -c -O3   conftest.c >&5
configure:24028: $? = 0
configure:24043: result: yes
configure:24050: checking size of short
configure:24358: cc -o conftest -O3    conftest.c  >&5
configure:24361: $? = 0
configure:24367: ./conftest
configure:24370: $? = 0
configure:24393: result: 2
configure:24403: checking for unsigned short
configure:24434: cc -c -O3   conftest.c >&5
configure:24440: $? = 0
configure:24455: result: yes
configure:24462: checking size of unsigned short
configure:24770: cc -o conftest -O3    conftest.c  >&5
configure:24773: $? = 0
configure:24779: ./conftest
configure:24782: $? = 0
configure:24805: result: 2
configure:24815: checking for int
configure:24846: cc -c -O3   conftest.c >&5
configure:24852: $? = 0
configure:24867: result: yes
configure:24874: checking size of int
configure:25182: cc -o conftest -O3    conftest.c  >&5
configure:25185: $? = 0
configure:25191: ./conftest
configure:25194: $? = 0
configure:25217: result: 4
configure:25227: checking for unsigned int
configure:25258: cc -c -O3   conftest.c >&5
configure:25264: $? = 0
configure:25279: result: yes
configure:25286: checking size of unsigned int
configure:25594: cc -o conftest -O3    conftest.c  >&5
configure:25597: $? = 0
configure:25603: ./conftest
configure:25606: $? = 0
configure:25629: result: 4
configure:25639: checking for long
configure:25670: cc -c -O3   conftest.c >&5
configure:25676: $? = 0
configure:25691: result: yes
configure:25698: checking size of long
configure:26006: cc -o conftest -O3    conftest.c  >&5
configure:26009: $? = 0
configure:26015: ./conftest
configure:26018: $? = 0
configure:26041: result: 8
configure:26051: checking for unsigned long
configure:26082: cc -c -O3   conftest.c >&5
configure:26088: $? = 0
configure:26103: result: yes
configure:26110: checking size of unsigned long
configure:26418: cc -o conftest -O3    conftest.c  >&5
configure:26421: $? = 0
configure:26427: ./conftest
configure:26430: $? = 0
configure:26453: result: 8
configure:26463: checking for long long
configure:26494: cc -c -O3   conftest.c >&5
configure:26500: $? = 0
configure:26515: result: yes
configure:26522: checking size of long long
configure:26830: cc -o conftest -O3    conftest.c  >&5
configure:26833: $? = 0
configure:26839: ./conftest
configure:26842: $? = 0
configure:26865: result: 8
configure:26875: checking for unsigned long long
configure:26906: cc -c -O3   conftest.c >&5
configure:26912: $? = 0
configure:26927: result: yes
configure:26934: checking size of unsigned long long
configure:27242: cc -o conftest -O3    conftest.c  >&5
configure:27245: $? = 0
configure:27251: ./conftest
configure:27254: $? = 0
configure:27277: result: 8
configure:27287: checking for char *
configure:27318: cc -c -O3   conftest.c >&5
configure:27324: $? = 0
configure:27339: result: yes
configure:27346: checking size of char *
configure:27654: cc -o conftest -O3    conftest.c  >&5
configure:27657: $? = 0
configure:27663: ./conftest
configure:27666: $? = 0
configure:27689: result: 8
configure:27703: checking for u_char
configure:27734: cc -c -O3   conftest.c >&5
configure:27740: $? = 0
configure:27755: result: yes
configure:27765: checking for u_short
configure:27796: cc -c -O3   conftest.c >&5
configure:27802: $? = 0
configure:27817: result: yes
configure:27827: checking for u_int
configure:27858: cc -c -O3   conftest.c >&5
configure:27864: $? = 0
configure:27879: result: yes
configure:27889: checking for u_long
configure:27920: cc -c -O3   conftest.c >&5
configure:27926: $? = 0
configure:27941: result: yes
configure:27952: checking for u_int8_t
configure:27983: cc -c -O3   conftest.c >&5
configure:27989: $? = 0
configure:28004: result: yes
configure:28032: checking for u_int16_t
configure:28063: cc -c -O3   conftest.c >&5
configure:28069: $? = 0
configure:28084: result: yes
configure:28112: checking for int16_t
configure:28143: cc -c -O3   conftest.c >&5
configure:28149: $? = 0
configure:28164: result: yes
configure:28192: checking for u_int32_t
configure:28223: cc -c -O3   conftest.c >&5
configure:28229: $? = 0
configure:28244: result: yes
configure:28272: checking for int32_t
configure:28303: cc -c -O3   conftest.c >&5
configure:28309: $? = 0
configure:28324: result: yes
configure:28352: checking for u_int64_t
configure:28383: cc -c -O3   conftest.c >&5
configure:28389: $? = 0
configure:28404: result: yes
configure:28432: checking for int64_t
configure:28463: cc -c -O3   conftest.c >&5
configure:28469: $? = 0
configure:28484: result: yes
configure:28515: checking for FILE *
configure:28546: cc -c -O3   conftest.c >&5
configure:28552: $? = 0
configure:28567: result: yes
configure:28578: checking for off_t
configure:28609: cc -c -O3   conftest.c >&5
configure:28615: $? = 0
configure:28630: result: yes
configure:28641: checking for pid_t
configure:28672: cc -c -O3   conftest.c >&5
configure:28678: $? = 0
configure:28693: result: yes
configure:28704: checking for size_t
configure:28735: cc -c -O3   conftest.c >&5
configure:28741: $? = 0
configure:28756: result: yes
configure:28767: checking for time_t
configure:28798: cc -c -O3   conftest.c >&5
configure:28804: $? = 0
configure:28819: result: yes
configure:28832: checking for size_t
configure:28884: result: yes
configure:28891: checking size of size_t
configure:29199: cc -o conftest -O3    conftest.c  >&5
configure:29202: $? = 0
configure:29208: ./conftest
configure:29211: $? = 0
configure:29234: result: 8
configure:29245: checking for ssize_t
configure:29276: cc -c -O3   conftest.c >&5
configure:29282: $? = 0
configure:29297: result: yes
configure:29327: checking for uintmax_t
configure:29357: cc -c -O3   conftest.c >&5
configure:29363: $? = 0
configure:29378: result: yes
configure:29449: checking for uintptr_t
configure:29479: cc -c -O3   conftest.c >&5
configure:29485: $? = 0
configure:29500: result: yes
configure:29528: checking for socklen_t
configure:29562: cc -c -O3   conftest.c >&5
configure:29568: $? = 0
configure:29583: result: yes
configure:29667: checking for ANSI C exit success/failure values
configure:29694: cc -c -O3   conftest.c >&5
configure:29700: $? = 0
configure:29715: result: yes
configure:29726: checking for getopt optreset variable
configure:29753: cc -o conftest -O3    conftest.c  >&5
configure:29759: $? = 0
configure:29776: result: yes
configure:29797: checking for mutexes
configure:29878: cc -o conftest -O3    conftest.c  >&5
conftest.c:43:11: fatal error: 'synch.h' file not found
        #include <synch.h>
                 ^~~~~~~~~
1 error generated.
configure:29884: $? = 1
configure: failed program was:
| /* confdefs.h.  */
| #define PACKAGE_NAME "Berkeley DB"
| #define PACKAGE_TARNAME "db-4.7.25"
| #define PACKAGE_VERSION "4.7.25"
| #define PACKAGE_STRING "Berkeley DB 4.7.25"
| #define PACKAGE_BUGREPORT "Oracle Technology Network Berkeley DB forum"
| #define HAVE_UPGRADE_SUPPORT 1
| #define STDC_HEADERS 1
| #define HAVE_SYS_TYPES_H 1
| #define HAVE_SYS_STAT_H 1
| #define HAVE_STDLIB_H 1
| #define HAVE_STRING_H 1
| #define HAVE_MEMORY_H 1
| #define HAVE_STRINGS_H 1
| #define HAVE_INTTYPES_H 1
| #define HAVE_STDINT_H 1
| #define HAVE_UNISTD_H 1
| #define HAVE_DLFCN_H 1
| #define HAVE_SYSTEM_INCLUDE_FILES 1
| #define TIME_WITH_SYS_TIME 1
| #define HAVE_DIRENT_H 1
| #define HAVE_EXECINFO_H 1
| #define HAVE_SYS_SELECT_H 1
| #define HAVE_SYS_SOCKET_H 1
| #define HAVE_SYS_TIME_H 1
| #define HAVE_STRUCT_STAT_ST_BLKSIZE 1
| #define SIZEOF_CHAR 1
| #define SIZEOF_UNSIGNED_CHAR 1
| #define SIZEOF_SHORT 2
| #define SIZEOF_UNSIGNED_SHORT 2
| #define SIZEOF_INT 4
| #define SIZEOF_UNSIGNED_INT 4
| #define SIZEOF_LONG 8
| #define SIZEOF_UNSIGNED_LONG 8
| #define SIZEOF_LONG_LONG 8
| #define SIZEOF_UNSIGNED_LONG_LONG 8
| #define SIZEOF_CHAR_P 8
| #define SIZEOF_SIZE_T 8
| #define HAVE_EXIT_SUCCESS 1
| #define HAVE_GETOPT_OPTRESET 1
| /* end confdefs.h.  */
| 
| 	#include <synch.h>
| int
| main ()
| {
| 
| 		static lwp_mutex_t mi = SHAREDMUTEX;
| 		static lwp_cond_t ci = SHAREDCV;
| 		lwp_mutex_t mutex = mi;
| 		lwp_cond_t cond = ci;
| 		exit (
| 		_lwp_mutex_lock(&mutex) ||
| 		_lwp_mutex_unlock(&mutex));
| 
|   ;
|   return 0;
| }
configure:30008: cc -o conftest -O3    conftest.c  -lpthread >&5
conftest.c:44:1: warning: type specifier missing, defaults to 'int' [-Wimplicit-int]
main() {
^
conftest.c:49:2: warning: implicitly declaring library function 'exit' with type 'void (int) __attribute__((noreturn))' [-Wimplicit-function-declaration]
        exit (
        ^
conftest.c:49:2: note: include the header <stdlib.h> or explicitly provide a declaration for 'exit'
2 warnings generated.
configure:30011: $? = 0
configure:30017: ./conftest
configure:30020: $? = 0
configure:30568: cc -c -O3   conftest.c >&5
conftest.c:50:3: error: use of undeclared identifier 'FAIL'
                FAIL TO COMPILE/LINK
                ^
1 error generated.
configure:30574: $? = 1
configure: failed program was:
| /* confdefs.h.  */
| #define PACKAGE_NAME "Berkeley DB"
| #define PACKAGE_TARNAME "db-4.7.25"
| #define PACKAGE_VERSION "4.7.25"
| #define PACKAGE_STRING "Berkeley DB 4.7.25"
| #define PACKAGE_BUGREPORT "Oracle Technology Network Berkeley DB forum"
| #define HAVE_UPGRADE_SUPPORT 1
| #define STDC_HEADERS 1
| #define HAVE_SYS_TYPES_H 1
| #define HAVE_SYS_STAT_H 1
| #define HAVE_STDLIB_H 1
| #define HAVE_STRING_H 1
| #define HAVE_MEMORY_H 1
| #define HAVE_STRINGS_H 1
| #define HAVE_INTTYPES_H 1
| #define HAVE_STDINT_H 1
| #define HAVE_UNISTD_H 1
| #define HAVE_DLFCN_H 1
| #define HAVE_SYSTEM_INCLUDE_FILES 1
| #define TIME_WITH_SYS_TIME 1
| #define HAVE_DIRENT_H 1
| #define HAVE_EXECINFO_H 1
| #define HAVE_SYS_SELECT_H 1
| #define HAVE_SYS_SOCKET_H 1
| #define HAVE_SYS_TIME_H 1
| #define HAVE_STRUCT_STAT_ST_BLKSIZE 1
| #define SIZEOF_CHAR 1
| #define SIZEOF_UNSIGNED_CHAR 1
| #define SIZEOF_SHORT 2
| #define SIZEOF_UNSIGNED_SHORT 2
| #define SIZEOF_INT 4
| #define SIZEOF_UNSIGNED_INT 4
| #define SIZEOF_LONG 8
| #define SIZEOF_UNSIGNED_LONG 8
| #define SIZEOF_LONG_LONG 8
| #define SIZEOF_UNSIGNED_LONG_LONG 8
| #define SIZEOF_CHAR_P 8
| #define SIZEOF_SIZE_T 8
| #define HAVE_EXIT_SUCCESS 1
| #define HAVE_GETOPT_OPTRESET 1
| /* end confdefs.h.  */
| 
| int
| main ()
| {
| 
| 	#if (defined(i386) || defined(__i386__)) && defined(__GNUC__)
| 		exit(0);
| 	#else
| 		FAIL TO COMPILE/LINK
| 	#endif
| 
|   ;
|   return 0;
| }
configure:30617: cc -c -O3   conftest.c >&5
conftest.c:48:3: warning: implicitly declaring library function 'exit' with type 'void (int) __attribute__((noreturn))' [-Wimplicit-function-declaration]
                exit(0);
                ^
conftest.c:48:3: note: include the header <stdlib.h> or explicitly provide a declaration for 'exit'
1 warning generated.
configure:30623: $? = 0
configure:30670: cc -o conftest -O3    conftest.c  >&5
conftest.c:43:11: fatal error: 'sys/atomic.h' file not found
        #include <sys/atomic.h>
                 ^~~~~~~~~~~~~~
1 error generated.
configure:30676: $? = 1
configure: failed program was:
| /* confdefs.h.  */
| #define PACKAGE_NAME "Berkeley DB"
| #define PACKAGE_TARNAME "db-4.7.25"
| #define PACKAGE_VERSION "4.7.25"
| #define PACKAGE_STRING "Berkeley DB 4.7.25"
| #define PACKAGE_BUGREPORT "Oracle Technology Network Berkeley DB forum"
| #define HAVE_UPGRADE_SUPPORT 1
| #define STDC_HEADERS 1
| #define HAVE_SYS_TYPES_H 1
| #define HAVE_SYS_STAT_H 1
| #define HAVE_STDLIB_H 1
| #define HAVE_STRING_H 1
| #define HAVE_MEMORY_H 1
| #define HAVE_STRINGS_H 1
| #define HAVE_INTTYPES_H 1
| #define HAVE_STDINT_H 1
| #define HAVE_UNISTD_H 1
| #define HAVE_DLFCN_H 1
| #define HAVE_SYSTEM_INCLUDE_FILES 1
| #define TIME_WITH_SYS_TIME 1
| #define HAVE_DIRENT_H 1
| #define HAVE_EXECINFO_H 1
| #define HAVE_SYS_SELECT_H 1
| #define HAVE_SYS_SOCKET_H 1
| #define HAVE_SYS_TIME_H 1
| #define HAVE_STRUCT_STAT_ST_BLKSIZE 1
| #define SIZEOF_CHAR 1
| #define SIZEOF_UNSIGNED_CHAR 1
| #define SIZEOF_SHORT 2
| #define SIZEOF_UNSIGNED_SHORT 2
| #define SIZEOF_INT 4
| #define SIZEOF_UNSIGNED_INT 4
| #define SIZEOF_LONG 8
| #define SIZEOF_UNSIGNED_LONG 8
| #define SIZEOF_LONG_LONG 8
| #define SIZEOF_UNSIGNED_LONG_LONG 8
| #define SIZEOF_CHAR_P 8
| #define SIZEOF_SIZE_T 8
| #define HAVE_EXIT_SUCCESS 1
| #define HAVE_GETOPT_OPTRESET 1
| /* end confdefs.h.  */
| 
| 	#include <sys/atomic.h>
| 	#include <sys/machlock.h>
| int
| main ()
| {
| 
| 		typedef lock_t tsl_t;
| 		lock_t x;
| 		_lock_try(&x);
| 		_lock_clear(&x);
| 		membar_enter();
| 
|   ;
|   return 0;
| }
configure:30721: cc -c -O3   conftest.c >&5
conftest.c:50:3: error: use of undeclared identifier 'FAIL'
                FAIL TO COMPILE/LINK
                ^
1 error generated.
configure:30727: $? = 1
configure: failed program was:
| /* confdefs.h.  */
| #define PACKAGE_NAME "Berkeley DB"
| #define PACKAGE_TARNAME "db-4.7.25"
| #define PACKAGE_VERSION "4.7.25"
| #define PACKAGE_STRING "Berkeley DB 4.7.25"
| #define PACKAGE_BUGREPORT "Oracle Technology Network Berkeley DB forum"
| #define HAVE_UPGRADE_SUPPORT 1
| #define STDC_HEADERS 1
| #define HAVE_SYS_TYPES_H 1
| #define HAVE_SYS_STAT_H 1
| #define HAVE_STDLIB_H 1
| #define HAVE_STRING_H 1
| #define HAVE_MEMORY_H 1
| #define HAVE_STRINGS_H 1
| #define HAVE_INTTYPES_H 1
| #define HAVE_STDINT_H 1
| #define HAVE_UNISTD_H 1
| #define HAVE_DLFCN_H 1
| #define HAVE_SYSTEM_INCLUDE_FILES 1
| #define TIME_WITH_SYS_TIME 1
| #define HAVE_DIRENT_H 1
| #define HAVE_EXECINFO_H 1
| #define HAVE_SYS_SELECT_H 1
| #define HAVE_SYS_SOCKET_H 1
| #define HAVE_SYS_TIME_H 1
| #define HAVE_STRUCT_STAT_ST_BLKSIZE 1
| #define SIZEOF_CHAR 1
| #define SIZEOF_UNSIGNED_CHAR 1
| #define SIZEOF_SHORT 2
| #define SIZEOF_UNSIGNED_SHORT 2
| #define SIZEOF_INT 4
| #define SIZEOF_UNSIGNED_INT 4
| #define SIZEOF_LONG 8
| #define SIZEOF_UNSIGNED_LONG 8
| #define SIZEOF_LONG_LONG 8
| #define SIZEOF_UNSIGNED_LONG_LONG 8
| #define SIZEOF_CHAR_P 8
| #define SIZEOF_SIZE_T 8
| #define HAVE_EXIT_SUCCESS 1
| #define HAVE_GETOPT_OPTRESET 1
| /* end confdefs.h.  */
| 
| int
| main ()
| {
| 
| 	#if defined(__sparc__) && defined(__GNUC__)
| 		exit(0);
| 	#else
| 		FAIL TO COMPILE/LINK
| 	#endif
| 
|   ;
|   return 0;
| }
configure:31864: result: POSIX/pthreads/library/x86_64/gcc-assembly
configure:32192: checking for main in -lpthread
configure:32221: cc -o conftest -O3    conftest.c -lpthread   >&5
configure:32227: $? = 0
configure:32245: result: yes
configure:32421: cc -c -O3   conftest.c >&5
configure:32427: $? = 0
configure:32632: checking for library containing sched_yield
configure:32673: cc -o conftest -O3    conftest.c  -lpthread >&5
configure:32679: $? = 0
configure:32707: result: none required
configure:32717: checking for library containing fdatasync
configure:32758: cc -o conftest -O3    conftest.c  -lpthread >&5
configure:32764: $? = 0
configure:32792: result: none required
configure:32801: checking for library containing getaddrinfo
configure:32842: cc -o conftest -O3    conftest.c  -lpthread >&5
configure:32848: $? = 0
configure:32876: result: none required
configure:32884: checking for library containing hstrerror
configure:32925: cc -o conftest -O3    conftest.c  -lpthread >&5
configure:32931: $? = 0
configure:32959: result: none required
configure:32974: checking for main in -lm
configure:33003: cc -o conftest -O3    conftest.c -lm   -lpthread >&5
configure:33009: $? = 0
configure:33027: result: yes
configure:33034: checking for main in -lnsl
configure:33063: cc -o conftest -O3    conftest.c -lnsl   -lpthread >&5
ld: library not found for -lnsl
clang: error: linker command failed with exit code 1 (use -v to see invocation)
configure:33069: $? = 1
configure: failed program was:
| /* confdefs.h.  */
| #define PACKAGE_NAME "Berkeley DB"
| #define PACKAGE_TARNAME "db-4.7.25"
| #define PACKAGE_VERSION "4.7.25"
| #define PACKAGE_STRING "Berkeley DB 4.7.25"
| #define PACKAGE_BUGREPORT "Oracle Technology Network Berkeley DB forum"
| #define HAVE_UPGRADE_SUPPORT 1
| #define STDC_HEADERS 1
| #define HAVE_SYS_TYPES_H 1
| #define HAVE_SYS_STAT_H 1
| #define HAVE_STDLIB_H 1
| #define HAVE_STRING_H 1
| #define HAVE_MEMORY_H 1
| #define HAVE_STRINGS_H 1
| #define HAVE_INTTYPES_H 1
| #define HAVE_STDINT_H 1
| #define HAVE_UNISTD_H 1
| #define HAVE_DLFCN_H 1
| #define HAVE_SYSTEM_INCLUDE_FILES 1
| #define TIME_WITH_SYS_TIME 1
| #define HAVE_DIRENT_H 1
| #define HAVE_EXECINFO_H 1
| #define HAVE_SYS_SELECT_H 1
| #define HAVE_SYS_SOCKET_H 1
| #define HAVE_SYS_TIME_H 1
| #define HAVE_STRUCT_STAT_ST_BLKSIZE 1
| #define SIZEOF_CHAR 1
| #define SIZEOF_UNSIGNED_CHAR 1
| #define SIZEOF_SHORT 2
| #define SIZEOF_UNSIGNED_SHORT 2
| #define SIZEOF_INT 4
| #define SIZEOF_UNSIGNED_INT 4
| #define SIZEOF_LONG 8
| #define SIZEOF_UNSIGNED_LONG 8
| #define SIZEOF_LONG_LONG 8
| #define SIZEOF_UNSIGNED_LONG_LONG 8
| #define SIZEOF_CHAR_P 8
| #define SIZEOF_SIZE_T 8
| #define HAVE_EXIT_SUCCESS 1
| #define HAVE_GETOPT_OPTRESET 1
| #define HAVE_MUTEX_PTHREADS 1
| #define HAVE_MUTEX_X86_64_GCC_ASSEMBLY 1
| #define HAVE_MUTEX_SUPPORT 1
| #define HAVE_MUTEX_HYBRID 1
| #define HAVE_SIMPLE_THREAD_TYPE 1
| #define HAVE_REPLICATION_THREADS 1
| /* end confdefs.h.  */
| 
| 
| int
| main ()
| {
| return main ();
|   ;
|   return 0;
| }
configure:33087: result: no
configure:33094: checking for main in -lpthread
configure:33147: result: yes
configure:33154: checking for main in -lsocket
configure:33183: cc -o conftest -O3    conftest.c -lsocket   -lpthread >&5
ld: library not found for -lsocket
clang: error: linker command failed with exit code 1 (use -v to see invocation)
configure:33189: $? = 1
configure: failed program was:
| /* confdefs.h.  */
| #define PACKAGE_NAME "Berkeley DB"
| #define PACKAGE_TARNAME "db-4.7.25"
| #define PACKAGE_VERSION "4.7.25"
| #define PACKAGE_STRING "Berkeley DB 4.7.25"
| #define PACKAGE_BUGREPORT "Oracle Technology Network Berkeley DB forum"
| #define HAVE_UPGRADE_SUPPORT 1
| #define STDC_HEADERS 1
| #define HAVE_SYS_TYPES_H 1
| #define HAVE_SYS_STAT_H 1
| #define HAVE_STDLIB_H 1
| #define HAVE_STRING_H 1
| #define HAVE_MEMORY_H 1
| #define HAVE_STRINGS_H 1
| #define HAVE_INTTYPES_H 1
| #define HAVE_STDINT_H 1
| #define HAVE_UNISTD_H 1
| #define HAVE_DLFCN_H 1
| #define HAVE_SYSTEM_INCLUDE_FILES 1
| #define TIME_WITH_SYS_TIME 1
| #define HAVE_DIRENT_H 1
| #define HAVE_EXECINFO_H 1
| #define HAVE_SYS_SELECT_H 1
| #define HAVE_SYS_SOCKET_H 1
| #define HAVE_SYS_TIME_H 1
| #define HAVE_STRUCT_STAT_ST_BLKSIZE 1
| #define SIZEOF_CHAR 1
| #define SIZEOF_UNSIGNED_CHAR 1
| #define SIZEOF_SHORT 2
| #define SIZEOF_UNSIGNED_SHORT 2
| #define SIZEOF_INT 4
| #define SIZEOF_UNSIGNED_INT 4
| #define SIZEOF_LONG 8
| #define SIZEOF_UNSIGNED_LONG 8
| #define SIZEOF_LONG_LONG 8
| #define SIZEOF_UNSIGNED_LONG_LONG 8
| #define SIZEOF_CHAR_P 8
| #define SIZEOF_SIZE_T 8
| #define HAVE_EXIT_SUCCESS 1
| #define HAVE_GETOPT_OPTRESET 1
| #define HAVE_MUTEX_PTHREADS 1
| #define HAVE_MUTEX_X86_64_GCC_ASSEMBLY 1
| #define HAVE_MUTEX_SUPPORT 1
| #define HAVE_MUTEX_HYBRID 1
| #define HAVE_SIMPLE_THREAD_TYPE 1
| #define HAVE_REPLICATION_THREADS 1
| /* end confdefs.h.  */
| 
| 
| int
| main ()
| {
| return main ();
|   ;
|   return 0;
| }
configure:33207: result: no
configure:33255: checking for abort
configure:33311: cc -o conftest -O3    conftest.c  -lpthread >&5
conftest.c:71:6: warning: incompatible redeclaration of library function 'abort' [-Wincompatible-library-redeclaration]
char abort ();
     ^
conftest.c:71:6: note: 'abort' is a builtin with type 'void (void) __attribute__((noreturn))'
1 warning generated.
configure:33317: $? = 0
configure:33335: result: yes
configure:33255: checking for atoi
configure:33311: cc -o conftest -O3    conftest.c  -lpthread >&5
configure:33317: $? = 0
configure:33335: result: yes
configure:33255: checking for atol
configure:33311: cc -o conftest -O3    conftest.c  -lpthread >&5
configure:33317: $? = 0
configure:33335: result: yes
configure:33255: checking for getcwd
configure:33311: cc -o conftest -O3    conftest.c  -lpthread >&5
configure:33317: $? = 0
configure:33335: result: yes
configure:33255: checking for getenv
configure:33311: cc -o conftest -O3    conftest.c  -lpthread >&5
configure:33317: $? = 0
configure:33335: result: yes
configure:33255: checking for getopt
configure:33311: cc -o conftest -O3    conftest.c  -lpthread >&5
configure:33317: $? = 0
configure:33335: result: yes
configure:33255: checking for isalpha
configure:33311: cc -o conftest -O3    conftest.c  -lpthread >&5
conftest.c:77:6: warning: incompatible redeclaration of library function 'isalpha' [-Wincompatible-library-redeclaration]
char isalpha ();
     ^
conftest.c:77:6: note: 'isalpha' is a builtin with type 'int (int)'
1 warning generated.
configure:33317: $? = 0
configure:33335: result: yes
configure:33255: checking for isdigit
configure:33311: cc -o conftest -O3    conftest.c  -lpthread >&5
conftest.c:78:6: warning: incompatible redeclaration of library function 'isdigit' [-Wincompatible-library-redeclaration]
char isdigit ();
     ^
conftest.c:78:6: note: 'isdigit' is a builtin with type 'int (int)'
1 warning generated.
configure:33317: $? = 0
configure:33335: result: yes
configure:33255: checking for isprint
configure:33311: cc -o conftest -O3    conftest.c  -lpthread >&5
conftest.c:79:6: warning: incompatible redeclaration of library function 'isprint' [-Wincompatible-library-redeclaration]
char isprint ();
     ^
conftest.c:79:6: note: 'isprint' is a builtin with type 'int (int)'
1 warning generated.
configure:33317: $? = 0
configure:33335: result: yes
configure:33255: checking for isspace
configure:33311: cc -o conftest -O3    conftest.c  -lpthread >&5
conftest.c:80:6: warning: incompatible redeclaration of library function 'isspace' [-Wincompatible-library-redeclaration]
char isspace ();
     ^
conftest.c:80:6: note: 'isspace' is a builtin with type 'int (int)'
1 warning generated.
configure:33317: $? = 0
configure:33335: result: yes
configure:33255: checking for memcmp
configure:33311: cc -o conftest -O3    conftest.c  -lpthread >&5
conftest.c:81:6: warning: incompatible redeclaration of library function 'memcmp' [-Wincompatible-library-redeclaration]
char memcmp ();
     ^
conftest.c:81:6: note: 'memcmp' is a builtin with type 'int (const void *, const void *, unsigned long)'
1 warning generated.
configure:33317: $? = 0
configure:33335: result: yes
configure:33255: checking for memcpy
configure:33311: cc -o conftest -O3    conftest.c  -lpthread >&5
conftest.c:82:6: warning: incompatible redeclaration of library function 'memcpy' [-Wincompatible-library-redeclaration]
char memcpy ();
     ^
conftest.c:82:6: note: 'memcpy' is a builtin with type 'void *(void *, const void *, unsigned long)'
1 warning generated.
configure:33317: $? = 0
configure:33335: result: yes
configure:33255: checking for memmove
configure:33311: cc -o conftest -O3    conftest.c  -lpthread >&5
conftest.c:83:6: warning: incompatible redeclaration of library function 'memmove' [-Wincompatible-library-redeclaration]
char memmove ();
     ^
conftest.c:83:6: note: 'memmove' is a builtin with type 'void *(void *, const void *, unsigned long)'
1 warning generated.
configure:33317: $? = 0
configure:33335: result: yes
configure:33255: checking for printf
configure:33311: cc -o conftest -O3    conftest.c  -lpthread >&5
conftest.c:84:6: warning: incompatible redeclaration of library function 'printf' [-Wincompatible-library-redeclaration]
char printf ();
     ^
conftest.c:84:6: note: 'printf' is a builtin with type 'int (const char *, ...)'
1 warning generated.
configure:33317: $? = 0
configure:33335: result: yes
configure:33255: checking for qsort
configure:33311: cc -o conftest -O3    conftest.c  -lpthread >&5
configure:33317: $? = 0
configure:33335: result: yes
configure:33255: checking for raise
configure:33311: cc -o conftest -O3    conftest.c  -lpthread >&5
configure:33317: $? = 0
configure:33335: result: yes
configure:33255: checking for rand
configure:33311: cc -o conftest -O3    conftest.c  -lpthread >&5
configure:33317: $? = 0
configure:33335: result: yes
configure:33255: checking for strcasecmp
configure:33311: cc -o conftest -O3    conftest.c  -lpthread >&5
conftest.c:88:6: warning: incompatible redeclaration of library function 'strcasecmp' [-Wincompatible-library-redeclaration]
char strcasecmp ();
     ^
conftest.c:88:6: note: 'strcasecmp' is a builtin with type 'int (const char *, const char *)'
1 warning generated.
configure:33317: $? = 0
configure:33335: result: yes
configure:33255: checking for strcat
configure:33311: cc -o conftest -O3    conftest.c  -lpthread >&5
conftest.c:89:6: warning: incompatible redeclaration of library function 'strcat' [-Wincompatible-library-redeclaration]
char strcat ();
     ^
conftest.c:89:6: note: 'strcat' is a builtin with type 'char *(char *, const char *)'
1 warning generated.
configure:33317: $? = 0
configure:33335: result: yes
configure:33255: checking for strchr
configure:33311: cc -o conftest -O3    conftest.c  -lpthread >&5
conftest.c:90:6: warning: incompatible redeclaration of library function 'strchr' [-Wincompatible-library-redeclaration]
char strchr ();
     ^
conftest.c:90:6: note: 'strchr' is a builtin with type 'char *(const char *, int)'
1 warning generated.
configure:33317: $? = 0
configure:33335: result: yes
configure:33255: checking for strdup
configure:33311: cc -o conftest -O3    conftest.c  -lpthread >&5
conftest.c:91:6: warning: incompatible redeclaration of library function 'strdup' [-Wincompatible-library-redeclaration]
char strdup ();
     ^
conftest.c:91:6: note: 'strdup' is a builtin with type 'char *(const char *)'
1 warning generated.
configure:33317: $? = 0
configure:33335: result: yes
configure:33255: checking for strerror
configure:33311: cc -o conftest -O3    conftest.c  -lpthread >&5
conftest.c:92:6: warning: incompatible redeclaration of library function 'strerror' [-Wincompatible-library-redeclaration]
char strerror ();
     ^
conftest.c:92:6: note: 'strerror' is a builtin with type 'char *(int)'
1 warning generated.
configure:33317: $? = 0
configure:33335: result: yes
configure:33255: checking for strncat
configure:33311: cc -o conftest -O3    conftest.c  -lpthread >&5
conftest.c:93:6: warning: incompatible redeclaration of library function 'strncat' [-Wincompatible-library-redeclaration]
char strncat ();
     ^
conftest.c:93:6: note: 'strncat' is a builtin with type 'char *(char *, const char *, unsigned long)'
1 warning generated.
configure:33317: $? = 0
configure:33335: result: yes
configure:33255: checking for strncmp
configure:33311: cc -o conftest -O3    conftest.c  -lpthread >&5
conftest.c:94:6: warning: incompatible redeclaration of library function 'strncmp' [-Wincompatible-library-redeclaration]
char strncmp ();
     ^
conftest.c:94:6: note: 'strncmp' is a builtin with type 'int (const char *, const char *, unsigned long)'
1 warning generated.
configure:33317: $? = 0
configure:33335: result: yes
configure:33255: checking for strrchr
configure:33311: cc -o conftest -O3    conftest.c  -lpthread >&5
conftest.c:95:6: warning: incompatible redeclaration of library function 'strrchr' [-Wincompatible-library-redeclaration]
char strrchr ();
     ^
conftest.c:95:6: note: 'strrchr' is a builtin with type 'char *(const char *, int)'
1 warning generated.
configure:33317: $? = 0
configure:33335: result: yes
configure:33255: checking for strsep
configure:33311: cc -o conftest -O3    conftest.c  -lpthread >&5
configure:33317: $? = 0
configure:33335: result: yes
configure:33255: checking for strtol
configure:33311: cc -o conftest -O3    conftest.c  -lpthread >&5
conftest.c:97:6: warning: incompatible redeclaration of library function 'strtol' [-Wincompatible-library-redeclaration]
char strtol ();
     ^
conftest.c:97:6: note: 'strtol' is a builtin with type 'long (const char *, char **, int)'
1 warning generated.
configure:33317: $? = 0
configure:33335: result: yes
configure:33255: checking for strtoul
configure:33311: cc -o conftest -O3    conftest.c  -lpthread >&5
conftest.c:98:6: warning: incompatible redeclaration of library function 'strtoul' [-Wincompatible-library-redeclaration]
char strtoul ();
     ^
conftest.c:98:6: note: 'strtoul' is a builtin with type 'unsigned long (const char *, char **, int)'
1 warning generated.
configure:33317: $? = 0
configure:33335: result: yes
configure:33392: checking for _fstati64
configure:33448: cc -o conftest -O3    conftest.c  -lpthread >&5
Undefined symbols for architecture x86_64:
  "__fstati64", referenced from:
      _main in conftest-486f7b.o
ld: symbol(s) not found for architecture x86_64
clang: error: linker command failed with exit code 1 (use -v to see invocation)
configure:33454: $? = 1
configure: failed program was:
| /* confdefs.h.  */
| #define PACKAGE_NAME "Berkeley DB"
| #define PACKAGE_TARNAME "db-4.7.25"
| #define PACKAGE_VERSION "4.7.25"
| #define PACKAGE_STRING "Berkeley DB 4.7.25"
| #define PACKAGE_BUGREPORT "Oracle Technology Network Berkeley DB forum"
| #define HAVE_UPGRADE_SUPPORT 1
| #define STDC_HEADERS 1
| #define HAVE_SYS_TYPES_H 1
| #define HAVE_SYS_STAT_H 1
| #define HAVE_STDLIB_H 1
| #define HAVE_STRING_H 1
| #define HAVE_MEMORY_H 1
| #define HAVE_STRINGS_H 1
| #define HAVE_INTTYPES_H 1
| #define HAVE_STDINT_H 1
| #define HAVE_UNISTD_H 1
| #define HAVE_DLFCN_H 1
| #define HAVE_SYSTEM_INCLUDE_FILES 1
| #define TIME_WITH_SYS_TIME 1
| #define HAVE_DIRENT_H 1
| #define HAVE_EXECINFO_H 1
| #define HAVE_SYS_SELECT_H 1
| #define HAVE_SYS_SOCKET_H 1
| #define HAVE_SYS_TIME_H 1
| #define HAVE_STRUCT_STAT_ST_BLKSIZE 1
| #define SIZEOF_CHAR 1
| #define SIZEOF_UNSIGNED_CHAR 1
| #define SIZEOF_SHORT 2
| #define SIZEOF_UNSIGNED_SHORT 2
| #define SIZEOF_INT 4
| #define SIZEOF_UNSIGNED_INT 4
| #define SIZEOF_LONG 8
| #define SIZEOF_UNSIGNED_LONG 8
| #define SIZEOF_LONG_LONG 8
| #define SIZEOF_UNSIGNED_LONG_LONG 8
| #define SIZEOF_CHAR_P 8
| #define SIZEOF_SIZE_T 8
| #define HAVE_EXIT_SUCCESS 1
| #define HAVE_GETOPT_OPTRESET 1
| #define HAVE_MUTEX_PTHREADS 1
| #define HAVE_MUTEX_X86_64_GCC_ASSEMBLY 1
| #define HAVE_MUTEX_SUPPORT 1
| #define HAVE_MUTEX_HYBRID 1
| #define HAVE_SIMPLE_THREAD_TYPE 1
| #define HAVE_REPLICATION_THREADS 1
| #define HAVE_ABORT 1
| #define HAVE_ATOI 1
| #define HAVE_ATOL 1
| #define HAVE_GETCWD 1
| #define HAVE_GETENV 1
| #define HAVE_GETOPT 1
| #define HAVE_ISALPHA 1
| #define HAVE_ISDIGIT 1
| #define HAVE_ISPRINT 1
| #define HAVE_ISSPACE 1
| #define HAVE_MEMCMP 1
| #define HAVE_MEMCPY 1
| #define HAVE_MEMMOVE 1
| #define HAVE_PRINTF 1
| #define HAVE_QSORT 1
| #define HAVE_RAISE 1
| #define HAVE_RAND 1
| #define HAVE_STRCASECMP 1
| #define HAVE_STRCAT 1
| #define HAVE_STRCHR 1
| #define HAVE_STRDUP 1
| #define HAVE_STRERROR 1
| #define HAVE_STRNCAT 1
| #define HAVE_STRNCMP 1
| #define HAVE_STRRCHR 1
| #define HAVE_STRSEP 1
| #define HAVE_STRTOL 1
| #define HAVE_STRTOUL 1
| /* end confdefs.h.  */
| /* Define _fstati64 to an innocuous variant, in case <limits.h> declares _fstati64.
|    For example, HP-UX 11i <limits.h> declares gettimeofday.  */
| #define _fstati64 innocuous__fstati64
| 
| /* System header to define __stub macros and hopefully few prototypes,
|     which can conflict with char _fstati64 (); below.
|     Prefer <limits.h> to <assert.h> if __STDC__ is defined, since
|     <limits.h> exists even on freestanding compilers.  */
| 
| #ifdef __STDC__
| # include <limits.h>
| #else
| # include <assert.h>
| #endif
| 
| #undef _fstati64
| 
| /* Override any GCC internal prototype to avoid an error.
|    Use char because int might match the return type of a GCC
|    builtin and then its argument prototype would still apply.  */
| #ifdef __cplusplus
| extern "C"
| #endif
| char _fstati64 ();
| /* The GNU C library defines this for functions which it implements
|     to always fail with ENOSYS.  Some functions are actually named
|     something starting with __ and the normal name is an alias.  */
| #if defined __stub__fstati64 || defined __stub____fstati64
| choke me
| #endif
| 
| int
| main ()
| {
| return _fstati64 ();
|   ;
|   return 0;
| }
configure:33472: result: no
configure:33392: checking for backtrace
configure:33448: cc -o conftest -O3    conftest.c  -lpthread >&5
configure:33454: $? = 0
configure:33472: result: yes
configure:33392: checking for backtrace_symbols
configure:33448: cc -o conftest -O3    conftest.c  -lpthread >&5
configure:33454: $? = 0
configure:33472: result: yes
configure:33392: checking for directio
configure:33448: cc -o conftest -O3    conftest.c  -lpthread >&5
Undefined symbols for architecture x86_64:
  "_directio", referenced from:
      _main in conftest-e0a047.o
ld: symbol(s) not found for architecture x86_64
clang: error: linker command failed with exit code 1 (use -v to see invocation)
configure:33454: $? = 1
configure: failed program was:
| /* confdefs.h.  */
| #define PACKAGE_NAME "Berkeley DB"
| #define PACKAGE_TARNAME "db-4.7.25"
| #define PACKAGE_VERSION "4.7.25"
| #define PACKAGE_STRING "Berkeley DB 4.7.25"
| #define PACKAGE_BUGREPORT "Oracle Technology Network Berkeley DB forum"
| #define HAVE_UPGRADE_SUPPORT 1
| #define STDC_HEADERS 1
| #define HAVE_SYS_TYPES_H 1
| #define HAVE_SYS_STAT_H 1
| #define HAVE_STDLIB_H 1
| #define HAVE_STRING_H 1
| #define HAVE_MEMORY_H 1
| #define HAVE_STRINGS_H 1
| #define HAVE_INTTYPES_H 1
| #define HAVE_STDINT_H 1
| #define HAVE_UNISTD_H 1
| #define HAVE_DLFCN_H 1
| #define HAVE_SYSTEM_INCLUDE_FILES 1
| #define TIME_WITH_SYS_TIME 1
| #define HAVE_DIRENT_H 1
| #define HAVE_EXECINFO_H 1
| #define HAVE_SYS_SELECT_H 1
| #define HAVE_SYS_SOCKET_H 1
| #define HAVE_SYS_TIME_H 1
| #define HAVE_STRUCT_STAT_ST_BLKSIZE 1
| #define SIZEOF_CHAR 1
| #define SIZEOF_UNSIGNED_CHAR 1
| #define SIZEOF_SHORT 2
| #define SIZEOF_UNSIGNED_SHORT 2
| #define SIZEOF_INT 4
| #define SIZEOF_UNSIGNED_INT 4
| #define SIZEOF_LONG 8
| #define SIZEOF_UNSIGNED_LONG 8
| #define SIZEOF_LONG_LONG 8
| #define SIZEOF_UNSIGNED_LONG_LONG 8
| #define SIZEOF_CHAR_P 8
| #define SIZEOF_SIZE_T 8
| #define HAVE_EXIT_SUCCESS 1
| #define HAVE_GETOPT_OPTRESET 1
| #define HAVE_MUTEX_PTHREADS 1
| #define HAVE_MUTEX_X86_64_GCC_ASSEMBLY 1
| #define HAVE_MUTEX_SUPPORT 1
| #define HAVE_MUTEX_HYBRID 1
| #define HAVE_SIMPLE_THREAD_TYPE 1
| #define HAVE_REPLICATION_THREADS 1
| #define HAVE_ABORT 1
| #define HAVE_ATOI 1
| #define HAVE_ATOL 1
| #define HAVE_GETCWD 1
| #define HAVE_GETENV 1
| #define HAVE_GETOPT 1
| #define HAVE_ISALPHA 1
| #define HAVE_ISDIGIT 1
| #define HAVE_ISPRINT 1
| #define HAVE_ISSPACE 1
| #define HAVE_MEMCMP 1
| #define HAVE_MEMCPY 1
| #define HAVE_MEMMOVE 1
| #define HAVE_PRINTF 1
| #define HAVE_QSORT 1
| #define HAVE_RAISE 1
| #define HAVE_RAND 1
| #define HAVE_STRCASECMP 1
| #define HAVE_STRCAT 1
| #define HAVE_STRCHR 1
| #define HAVE_STRDUP 1
| #define HAVE_STRERROR 1
| #define HAVE_STRNCAT 1
| #define HAVE_STRNCMP 1
| #define HAVE_STRRCHR 1
| #define HAVE_STRSEP 1
| #define HAVE_STRTOL 1
| #define HAVE_STRTOUL 1
| #define HAVE_BACKTRACE 1
| #define HAVE_BACKTRACE_SYMBOLS 1
| /* end confdefs.h.  */
| /* Define directio to an innocuous variant, in case <limits.h> declares directio.
|    For example, HP-UX 11i <limits.h> declares gettimeofday.  */
| #define directio innocuous_directio
| 
| /* System header to define __stub macros and hopefully few prototypes,
|     which can conflict with char directio (); below.
|     Prefer <limits.h> to <assert.h> if __STDC__ is defined, since
|     <limits.h> exists even on freestanding compilers.  */
| 
| #ifdef __STDC__
| # include <limits.h>
| #else
| # include <assert.h>
| #endif
| 
| #undef directio
| 
| /* Override any GCC internal prototype to avoid an error.
|    Use char because int might match the return type of a GCC
|    builtin and then its argument prototype would still apply.  */
| #ifdef __cplusplus
| extern "C"
| #endif
| char directio ();
| /* The GNU C library defines this for functions which it implements
|     to always fail with ENOSYS.  Some functions are actually named
|     something starting with __ and the normal name is an alias.  */
| #if defined __stub_directio || defined __stub___directio
| choke me
| #endif
| 
| int
| main ()
| {
| return directio ();
|   ;
|   return 0;
| }
configure:33472: result: no
configure:33392: checking for fchmod
configure:33448: cc -o conftest -O3    conftest.c  -lpthread >&5
configure:33454: $? = 0
configure:33472: result: yes
configure:33392: checking for fclose
configure:33448: cc -o conftest -O3    conftest.c  -lpthread >&5
configure:33454: $? = 0
configure:33472: result: yes
configure:33392: checking for fcntl
configure:33448: cc -o conftest -O3    conftest.c  -lpthread >&5
configure:33454: $? = 0
configure:33472: result: yes
configure:33392: checking for fdatasync
configure:33448: cc -o conftest -O3    conftest.c  -lpthread >&5
configure:33454: $? = 0
configure:33472: result: yes
configure:33392: checking for fgetc
configure:33448: cc -o conftest -O3    conftest.c  -lpthread >&5
configure:33454: $? = 0
configure:33472: result: yes
configure:33392: checking for fgets
configure:33448: cc -o conftest -O3    conftest.c  -lpthread >&5
configure:33454: $? = 0
configure:33472: result: yes
configure:33392: checking for fopen
configure:33448: cc -o conftest -O3    conftest.c  -lpthread >&5
conftest.c:107:6: warning: declaration of built-in function 'fopen' requires inclusion of the header <stdio.h> [-Wbuiltin-requires-header]
char fopen ();
     ^
1 warning generated.
configure:33454: $? = 0
configure:33472: result: yes
configure:33392: checking for fwrite
configure:33448: cc -o conftest -O3    conftest.c  -lpthread >&5
conftest.c:108:6: warning: declaration of built-in function 'fwrite' requires inclusion of the header <stdio.h> [-Wbuiltin-requires-header]
char fwrite ();
     ^
1 warning generated.
configure:33454: $? = 0
configure:33472: result: yes
configure:33392: checking for getgid
configure:33448: cc -o conftest -O3    conftest.c  -lpthread >&5
configure:33454: $? = 0
configure:33472: result: yes
configure:33392: checking for getrusage
configure:33448: cc -o conftest -O3    conftest.c  -lpthread >&5
configure:33454: $? = 0
configure:33472: result: yes
configure:33392: checking for getuid
configure:33448: cc -o conftest -O3    conftest.c  -lpthread >&5
configure:33454: $? = 0
configure:33472: result: yes
configure:33392: checking for hstrerror
configure:33448: cc -o conftest -O3    conftest.c  -lpthread >&5
configure:33454: $? = 0
configure:33472: result: yes
configure:33392: checking for mprotect
configure:33448: cc -o conftest -O3    conftest.c  -lpthread >&5
configure:33454: $? = 0
configure:33472: result: yes
configure:33392: checking for pstat_getdynamic
configure:33448: cc -o conftest -O3    conftest.c  -lpthread >&5
Undefined symbols for architecture x86_64:
  "_pstat_getdynamic", referenced from:
      _main in conftest-781c1e.o
ld: symbol(s) not found for architecture x86_64
clang: error: linker command failed with exit code 1 (use -v to see invocation)
configure:33454: $? = 1
configure: failed program was:
| /* confdefs.h.  */
| #define PACKAGE_NAME "Berkeley DB"
| #define PACKAGE_TARNAME "db-4.7.25"
| #define PACKAGE_VERSION "4.7.25"
| #define PACKAGE_STRING "Berkeley DB 4.7.25"
| #define PACKAGE_BUGREPORT "Oracle Technology Network Berkeley DB forum"
| #define HAVE_UPGRADE_SUPPORT 1
| #define STDC_HEADERS 1
| #define HAVE_SYS_TYPES_H 1
| #define HAVE_SYS_STAT_H 1
| #define HAVE_STDLIB_H 1
| #define HAVE_STRING_H 1
| #define HAVE_MEMORY_H 1
| #define HAVE_STRINGS_H 1
| #define HAVE_INTTYPES_H 1
| #define HAVE_STDINT_H 1
| #define HAVE_UNISTD_H 1
| #define HAVE_DLFCN_H 1
| #define HAVE_SYSTEM_INCLUDE_FILES 1
| #define TIME_WITH_SYS_TIME 1
| #define HAVE_DIRENT_H 1
| #define HAVE_EXECINFO_H 1
| #define HAVE_SYS_SELECT_H 1
| #define HAVE_SYS_SOCKET_H 1
| #define HAVE_SYS_TIME_H 1
| #define HAVE_STRUCT_STAT_ST_BLKSIZE 1
| #define SIZEOF_CHAR 1
| #define SIZEOF_UNSIGNED_CHAR 1
| #define SIZEOF_SHORT 2
| #define SIZEOF_UNSIGNED_SHORT 2
| #define SIZEOF_INT 4
| #define SIZEOF_UNSIGNED_INT 4
| #define SIZEOF_LONG 8
| #define SIZEOF_UNSIGNED_LONG 8
| #define SIZEOF_LONG_LONG 8
| #define SIZEOF_UNSIGNED_LONG_LONG 8
| #define SIZEOF_CHAR_P 8
| #define SIZEOF_SIZE_T 8
| #define HAVE_EXIT_SUCCESS 1
| #define HAVE_GETOPT_OPTRESET 1
| #define HAVE_MUTEX_PTHREADS 1
| #define HAVE_MUTEX_X86_64_GCC_ASSEMBLY 1
| #define HAVE_MUTEX_SUPPORT 1
| #define HAVE_MUTEX_HYBRID 1
| #define HAVE_SIMPLE_THREAD_TYPE 1
| #define HAVE_REPLICATION_THREADS 1
| #define HAVE_ABORT 1
| #define HAVE_ATOI 1
| #define HAVE_ATOL 1
| #define HAVE_GETCWD 1
| #define HAVE_GETENV 1
| #define HAVE_GETOPT 1
| #define HAVE_ISALPHA 1
| #define HAVE_ISDIGIT 1
| #define HAVE_ISPRINT 1
| #define HAVE_ISSPACE 1
| #define HAVE_MEMCMP 1
| #define HAVE_MEMCPY 1
| #define HAVE_MEMMOVE 1
| #define HAVE_PRINTF 1
| #define HAVE_QSORT 1
| #define HAVE_RAISE 1
| #define HAVE_RAND 1
| #define HAVE_STRCASECMP 1
| #define HAVE_STRCAT 1
| #define HAVE_STRCHR 1
| #define HAVE_STRDUP 1
| #define HAVE_STRERROR 1
| #define HAVE_STRNCAT 1
| #define HAVE_STRNCMP 1
| #define HAVE_STRRCHR 1
| #define HAVE_STRSEP 1
| #define HAVE_STRTOL 1
| #define HAVE_STRTOUL 1
| #define HAVE_BACKTRACE 1
| #define HAVE_BACKTRACE_SYMBOLS 1
| #define HAVE_FCHMOD 1
| #define HAVE_FCLOSE 1
| #define HAVE_FCNTL 1
| #define HAVE_FDATASYNC 1
| #define HAVE_FGETC 1
| #define HAVE_FGETS 1
| #define HAVE_FOPEN 1
| #define HAVE_FWRITE 1
| #define HAVE_GETGID 1
| #define HAVE_GETRUSAGE 1
| #define HAVE_GETUID 1
| #define HAVE_HSTRERROR 1
| #define HAVE_MPROTECT 1
| /* end confdefs.h.  */
| /* Define pstat_getdynamic to an innocuous variant, in case <limits.h> declares pstat_getdynamic.
|    For example, HP-UX 11i <limits.h> declares gettimeofday.  */
| #define pstat_getdynamic innocuous_pstat_getdynamic
| 
| /* System header to define __stub macros and hopefully few prototypes,
|     which can conflict with char pstat_getdynamic (); below.
|     Prefer <limits.h> to <assert.h> if __STDC__ is defined, since
|     <limits.h> exists even on freestanding compilers.  */
| 
| #ifdef __STDC__
| # include <limits.h>
| #else
| # include <assert.h>
| #endif
| 
| #undef pstat_getdynamic
| 
| /* Override any GCC internal prototype to avoid an error.
|    Use char because int might match the return type of a GCC
|    builtin and then its argument prototype would still apply.  */
| #ifdef __cplusplus
| extern "C"
| #endif
| char pstat_getdynamic ();
| /* The GNU C library defines this for functions which it implements
|     to always fail with ENOSYS.  Some functions are actually named
|     something starting with __ and the normal name is an alias.  */
| #if defined __stub_pstat_getdynamic || defined __stub___pstat_getdynamic
| choke me
| #endif
| 
| int
| main ()
| {
| return pstat_getdynamic ();
|   ;
|   return 0;
| }
configure:33472: result: no
configure:33392: checking for pthread_yield
configure:33448: cc -o conftest -O3    conftest.c  -lpthread >&5
Undefined symbols for architecture x86_64:
  "_pthread_yield", referenced from:
      _main in conftest-21892e.o
ld: symbol(s) not found for architecture x86_64
clang: error: linker command failed with exit code 1 (use -v to see invocation)
configure:33454: $? = 1
configure: failed program was:
| /* confdefs.h.  */
| #define PACKAGE_NAME "Berkeley DB"
| #define PACKAGE_TARNAME "db-4.7.25"
| #define PACKAGE_VERSION "4.7.25"
| #define PACKAGE_STRING "Berkeley DB 4.7.25"
| #define PACKAGE_BUGREPORT "Oracle Technology Network Berkeley DB forum"
| #define HAVE_UPGRADE_SUPPORT 1
| #define STDC_HEADERS 1
| #define HAVE_SYS_TYPES_H 1
| #define HAVE_SYS_STAT_H 1
| #define HAVE_STDLIB_H 1
| #define HAVE_STRING_H 1
| #define HAVE_MEMORY_H 1
| #define HAVE_STRINGS_H 1
| #define HAVE_INTTYPES_H 1
| #define HAVE_STDINT_H 1
| #define HAVE_UNISTD_H 1
| #define HAVE_DLFCN_H 1
| #define HAVE_SYSTEM_INCLUDE_FILES 1
| #define TIME_WITH_SYS_TIME 1
| #define HAVE_DIRENT_H 1
| #define HAVE_EXECINFO_H 1
| #define HAVE_SYS_SELECT_H 1
| #define HAVE_SYS_SOCKET_H 1
| #define HAVE_SYS_TIME_H 1
| #define HAVE_STRUCT_STAT_ST_BLKSIZE 1
| #define SIZEOF_CHAR 1
| #define SIZEOF_UNSIGNED_CHAR 1
| #define SIZEOF_SHORT 2
| #define SIZEOF_UNSIGNED_SHORT 2
| #define SIZEOF_INT 4
| #define SIZEOF_UNSIGNED_INT 4
| #define SIZEOF_LONG 8
| #define SIZEOF_UNSIGNED_LONG 8
| #define SIZEOF_LONG_LONG 8
| #define SIZEOF_UNSIGNED_LONG_LONG 8
| #define SIZEOF_CHAR_P 8
| #define SIZEOF_SIZE_T 8
| #define HAVE_EXIT_SUCCESS 1
| #define HAVE_GETOPT_OPTRESET 1
| #define HAVE_MUTEX_PTHREADS 1
| #define HAVE_MUTEX_X86_64_GCC_ASSEMBLY 1
| #define HAVE_MUTEX_SUPPORT 1
| #define HAVE_MUTEX_HYBRID 1
| #define HAVE_SIMPLE_THREAD_TYPE 1
| #define HAVE_REPLICATION_THREADS 1
| #define HAVE_ABORT 1
| #define HAVE_ATOI 1
| #define HAVE_ATOL 1
| #define HAVE_GETCWD 1
| #define HAVE_GETENV 1
| #define HAVE_GETOPT 1
| #define HAVE_ISALPHA 1
| #define HAVE_ISDIGIT 1
| #define HAVE_ISPRINT 1
| #define HAVE_ISSPACE 1
| #define HAVE_MEMCMP 1
| #define HAVE_MEMCPY 1
| #define HAVE_MEMMOVE 1
| #define HAVE_PRINTF 1
| #define HAVE_QSORT 1
| #define HAVE_RAISE 1
| #define HAVE_RAND 1
| #define HAVE_STRCASECMP 1
| #define HAVE_STRCAT 1
| #define HAVE_STRCHR 1
| #define HAVE_STRDUP 1
| #define HAVE_STRERROR 1
| #define HAVE_STRNCAT 1
| #define HAVE_STRNCMP 1
| #define HAVE_STRRCHR 1
| #define HAVE_STRSEP 1
| #define HAVE_STRTOL 1
| #define HAVE_STRTOUL 1
| #define HAVE_BACKTRACE 1
| #define HAVE_BACKTRACE_SYMBOLS 1
| #define HAVE_FCHMOD 1
| #define HAVE_FCLOSE 1
| #define HAVE_FCNTL 1
| #define HAVE_FDATASYNC 1
| #define HAVE_FGETC 1
| #define HAVE_FGETS 1
| #define HAVE_FOPEN 1
| #define HAVE_FWRITE 1
| #define HAVE_GETGID 1
| #define HAVE_GETRUSAGE 1
| #define HAVE_GETUID 1
| #define HAVE_HSTRERROR 1
| #define HAVE_MPROTECT 1
| /* end confdefs.h.  */
| /* Define pthread_yield to an innocuous variant, in case <limits.h> declares pthread_yield.
|    For example, HP-UX 11i <limits.h> declares gettimeofday.  */
| #define pthread_yield innocuous_pthread_yield
| 
| /* System header to define __stub macros and hopefully few prototypes,
|     which can conflict with char pthread_yield (); below.
|     Prefer <limits.h> to <assert.h> if __STDC__ is defined, since
|     <limits.h> exists even on freestanding compilers.  */
| 
| #ifdef __STDC__
| # include <limits.h>
| #else
| # include <assert.h>
| #endif
| 
| #undef pthread_yield
| 
| /* Override any GCC internal prototype to avoid an error.
|    Use char because int might match the return type of a GCC
|    builtin and then its argument prototype would still apply.  */
| #ifdef __cplusplus
| extern "C"
| #endif
| char pthread_yield ();
| /* The GNU C library defines this for functions which it implements
|     to always fail with ENOSYS.  Some functions are actually named
|     something starting with __ and the normal name is an alias.  */
| #if defined __stub_pthread_yield || defined __stub___pthread_yield
| choke me
| #endif
| 
| int
| main ()
| {
| return pthread_yield ();
|   ;
|   return 0;
| }
configure:33472: result: no
configure:33392: checking for sched_yield
configure:33448: cc -o conftest -O3    conftest.c  -lpthread >&5
configure:33454: $? = 0
configure:33472: result: yes
configure:33392: checking for select
configure:33448: cc -o conftest -O3    conftest.c  -lpthread >&5
configure:33454: $? = 0
configure:33472: result: yes
configure:33392: checking for setgid
configure:33448: cc -o conftest -O3    conftest.c  -lpthread >&5
configure:33454: $? = 0
configure:33472: result: yes
configure:33392: checking for setuid
configure:33448: cc -o conftest -O3    conftest.c  -lpthread >&5
configure:33454: $? = 0
configure:33472: result: yes
configure:33392: checking for sigaction
configure:33448: cc -o conftest -O3    conftest.c  -lpthread >&5
configure:33454: $? = 0
configure:33472: result: yes
configure:33392: checking for snprintf
configure:33448: cc -o conftest -O3    conftest.c  -lpthread >&5
conftest.c:119:6: warning: incompatible redeclaration of library function 'snprintf' [-Wincompatible-library-redeclaration]
char snprintf ();
     ^
conftest.c:119:6: note: 'snprintf' is a builtin with type 'int (char *, unsigned long, const char *, ...)'
1 warning generated.
configure:33454: $? = 0
configure:33472: result: yes
configure:33392: checking for stat
configure:33448: cc -o conftest -O3    conftest.c  -lpthread >&5
configure:33454: $? = 0
configure:33472: result: yes
configure:33392: checking for sysconf
configure:33448: cc -o conftest -O3    conftest.c  -lpthread >&5
configure:33454: $? = 0
configure:33472: result: yes
configure:33392: checking for vsnprintf
configure:33448: cc -o conftest -O3    conftest.c  -lpthread >&5
conftest.c:122:6: warning: incompatible redeclaration of library function 'vsnprintf' [-Wincompatible-library-redeclaration]
char vsnprintf ();
     ^
conftest.c:122:6: note: 'vsnprintf' is a builtin with type 'int (char *, unsigned long, const char *, struct __va_list_tag *)'
1 warning generated.
configure:33454: $? = 0
configure:33472: result: yes
configure:33392: checking for yield
configure:33448: cc -o conftest -O3    conftest.c  -lpthread >&5
Undefined symbols for architecture x86_64:
  "_yield", referenced from:
      _main in conftest-11bd08.o
ld: symbol(s) not found for architecture x86_64
clang: error: linker command failed with exit code 1 (use -v to see invocation)
configure:33454: $? = 1
configure: failed program was:
| /* confdefs.h.  */
| #define PACKAGE_NAME "Berkeley DB"
| #define PACKAGE_TARNAME "db-4.7.25"
| #define PACKAGE_VERSION "4.7.25"
| #define PACKAGE_STRING "Berkeley DB 4.7.25"
| #define PACKAGE_BUGREPORT "Oracle Technology Network Berkeley DB forum"
| #define HAVE_UPGRADE_SUPPORT 1
| #define STDC_HEADERS 1
| #define HAVE_SYS_TYPES_H 1
| #define HAVE_SYS_STAT_H 1
| #define HAVE_STDLIB_H 1
| #define HAVE_STRING_H 1
| #define HAVE_MEMORY_H 1
| #define HAVE_STRINGS_H 1
| #define HAVE_INTTYPES_H 1
| #define HAVE_STDINT_H 1
| #define HAVE_UNISTD_H 1
| #define HAVE_DLFCN_H 1
| #define HAVE_SYSTEM_INCLUDE_FILES 1
| #define TIME_WITH_SYS_TIME 1
| #define HAVE_DIRENT_H 1
| #define HAVE_EXECINFO_H 1
| #define HAVE_SYS_SELECT_H 1
| #define HAVE_SYS_SOCKET_H 1
| #define HAVE_SYS_TIME_H 1
| #define HAVE_STRUCT_STAT_ST_BLKSIZE 1
| #define SIZEOF_CHAR 1
| #define SIZEOF_UNSIGNED_CHAR 1
| #define SIZEOF_SHORT 2
| #define SIZEOF_UNSIGNED_SHORT 2
| #define SIZEOF_INT 4
| #define SIZEOF_UNSIGNED_INT 4
| #define SIZEOF_LONG 8
| #define SIZEOF_UNSIGNED_LONG 8
| #define SIZEOF_LONG_LONG 8
| #define SIZEOF_UNSIGNED_LONG_LONG 8
| #define SIZEOF_CHAR_P 8
| #define SIZEOF_SIZE_T 8
| #define HAVE_EXIT_SUCCESS 1
| #define HAVE_GETOPT_OPTRESET 1
| #define HAVE_MUTEX_PTHREADS 1
| #define HAVE_MUTEX_X86_64_GCC_ASSEMBLY 1
| #define HAVE_MUTEX_SUPPORT 1
| #define HAVE_MUTEX_HYBRID 1
| #define HAVE_SIMPLE_THREAD_TYPE 1
| #define HAVE_REPLICATION_THREADS 1
| #define HAVE_ABORT 1
| #define HAVE_ATOI 1
| #define HAVE_ATOL 1
| #define HAVE_GETCWD 1
| #define HAVE_GETENV 1
| #define HAVE_GETOPT 1
| #define HAVE_ISALPHA 1
| #define HAVE_ISDIGIT 1
| #define HAVE_ISPRINT 1
| #define HAVE_ISSPACE 1
| #define HAVE_MEMCMP 1
| #define HAVE_MEMCPY 1
| #define HAVE_MEMMOVE 1
| #define HAVE_PRINTF 1
| #define HAVE_QSORT 1
| #define HAVE_RAISE 1
| #define HAVE_RAND 1
| #define HAVE_STRCASECMP 1
| #define HAVE_STRCAT 1
| #define HAVE_STRCHR 1
| #define HAVE_STRDUP 1
| #define HAVE_STRERROR 1
| #define HAVE_STRNCAT 1
| #define HAVE_STRNCMP 1
| #define HAVE_STRRCHR 1
| #define HAVE_STRSEP 1
| #define HAVE_STRTOL 1
| #define HAVE_STRTOUL 1
| #define HAVE_BACKTRACE 1
| #define HAVE_BACKTRACE_SYMBOLS 1
| #define HAVE_FCHMOD 1
| #define HAVE_FCLOSE 1
| #define HAVE_FCNTL 1
| #define HAVE_FDATASYNC 1
| #define HAVE_FGETC 1
| #define HAVE_FGETS 1
| #define HAVE_FOPEN 1
| #define HAVE_FWRITE 1
| #define HAVE_GETGID 1
| #define HAVE_GETRUSAGE 1
| #define HAVE_GETUID 1
| #define HAVE_HSTRERROR 1
| #define HAVE_MPROTECT 1
| #define HAVE_SCHED_YIELD 1
| #define HAVE_SELECT 1
| #define HAVE_SETGID 1
| #define HAVE_SETUID 1
| #define HAVE_SIGACTION 1
| #define HAVE_SNPRINTF 1
| #define HAVE_STAT 1
| #define HAVE_SYSCONF 1
| #define HAVE_VSNPRINTF 1
| /* end confdefs.h.  */
| /* Define yield to an innocuous variant, in case <limits.h> declares yield.
|    For example, HP-UX 11i <limits.h> declares gettimeofday.  */
| #define yield innocuous_yield
| 
| /* System header to define __stub macros and hopefully few prototypes,
|     which can conflict with char yield (); below.
|     Prefer <limits.h> to <assert.h> if __STDC__ is defined, since
|     <limits.h> exists even on freestanding compilers.  */
| 
| #ifdef __STDC__
| # include <limits.h>
| #else
| # include <assert.h>
| #endif
| 
| #undef yield
| 
| /* Override any GCC internal prototype to avoid an error.
|    Use char because int might match the return type of a GCC
|    builtin and then its argument prototype would still apply.  */
| #ifdef __cplusplus
| extern "C"
| #endif
| char yield ();
| /* The GNU C library defines this for functions which it implements
|     to always fail with ENOSYS.  Some functions are actually named
|     something starting with __ and the normal name is an alias.  */
| #if defined __stub_yield || defined __stub___yield
| choke me
| #endif
| 
| int
| main ()
| {
| return yield ();
|   ;
|   return 0;
| }
configure:33472: result: no
configure:33492: checking for gettimeofday
configure:33548: cc -o conftest -O3    conftest.c  -lpthread >&5
configure:33554: $? = 0
configure:33572: result: yes
configure:33492: checking for localtime
configure:33548: cc -o conftest -O3    conftest.c  -lpthread >&5
configure:33554: $? = 0
configure:33572: result: yes
configure:33492: checking for time
configure:33548: cc -o conftest -O3    conftest.c  -lpthread >&5
configure:33554: $? = 0
configure:33572: result: yes
configure:33492: checking for strftime
configure:33548: cc -o conftest -O3    conftest.c  -lpthread >&5
configure:33554: $? = 0
configure:33572: result: yes
configure:33593: checking for clock_gettime
configure:33649: cc -o conftest -O3    conftest.c  -lpthread >&5
configure:33655: $? = 0
configure:33673: result: yes
configure:33689: checking for clock_gettime monotonic clock
configure:33763: cc -o conftest -O3    conftest.c  -lpthread >&5
conftest.c:107:1: warning: type specifier missing, defaults to 'int' [-Wimplicit-int]
main() {
^
1 warning generated.
configure:33766: $? = 0
configure:33772: ./conftest
configure:33775: $? = 0
configure:33792: result: yes
configure:33813: checking for ctime_r
configure:33869: cc -o conftest -O3    conftest.c  -lpthread >&5
configure:33875: $? = 0
configure:33893: result: yes
configure:33904: checking for 2 or 3 argument version of ctime_r
configure:33934: cc -o conftest -O3    conftest.c  -lpthread >&5
conftest.c:113:22: error: too many arguments to function call, expected 2, have 3
        ctime_r(NULL, NULL, 100);
        ~~~~~~~             ^~~
/Applications/Xcode.app/Contents/Developer/Platforms/MacOSX.platform/Developer/SDKs/MacOSX.sdk/usr/include/time.h:126:1: note: 'ctime_r' declared here
char *ctime_r(const time_t *, char *);
^
1 error generated.
configure:33940: $? = 1
configure: failed program was:
| /* confdefs.h.  */
| #define PACKAGE_NAME "Berkeley DB"
| #define PACKAGE_TARNAME "db-4.7.25"
| #define PACKAGE_VERSION "4.7.25"
| #define PACKAGE_STRING "Berkeley DB 4.7.25"
| #define PACKAGE_BUGREPORT "Oracle Technology Network Berkeley DB forum"
| #define HAVE_UPGRADE_SUPPORT 1
| #define STDC_HEADERS 1
| #define HAVE_SYS_TYPES_H 1
| #define HAVE_SYS_STAT_H 1
| #define HAVE_STDLIB_H 1
| #define HAVE_STRING_H 1
| #define HAVE_MEMORY_H 1
| #define HAVE_STRINGS_H 1
| #define HAVE_INTTYPES_H 1
| #define HAVE_STDINT_H 1
| #define HAVE_UNISTD_H 1
| #define HAVE_DLFCN_H 1
| #define HAVE_SYSTEM_INCLUDE_FILES 1
| #define TIME_WITH_SYS_TIME 1
| #define HAVE_DIRENT_H 1
| #define HAVE_EXECINFO_H 1
| #define HAVE_SYS_SELECT_H 1
| #define HAVE_SYS_SOCKET_H 1
| #define HAVE_SYS_TIME_H 1
| #define HAVE_STRUCT_STAT_ST_BLKSIZE 1
| #define SIZEOF_CHAR 1
| #define SIZEOF_UNSIGNED_CHAR 1
| #define SIZEOF_SHORT 2
| #define SIZEOF_UNSIGNED_SHORT 2
| #define SIZEOF_INT 4
| #define SIZEOF_UNSIGNED_INT 4
| #define SIZEOF_LONG 8
| #define SIZEOF_UNSIGNED_LONG 8
| #define SIZEOF_LONG_LONG 8
| #define SIZEOF_UNSIGNED_LONG_LONG 8
| #define SIZEOF_CHAR_P 8
| #define SIZEOF_SIZE_T 8
| #define HAVE_EXIT_SUCCESS 1
| #define HAVE_GETOPT_OPTRESET 1
| #define HAVE_MUTEX_PTHREADS 1
| #define HAVE_MUTEX_X86_64_GCC_ASSEMBLY 1
| #define HAVE_MUTEX_SUPPORT 1
| #define HAVE_MUTEX_HYBRID 1
| #define HAVE_SIMPLE_THREAD_TYPE 1
| #define HAVE_REPLICATION_THREADS 1
| #define HAVE_ABORT 1
| #define HAVE_ATOI 1
| #define HAVE_ATOL 1
| #define HAVE_GETCWD 1
| #define HAVE_GETENV 1
| #define HAVE_GETOPT 1
| #define HAVE_ISALPHA 1
| #define HAVE_ISDIGIT 1
| #define HAVE_ISPRINT 1
| #define HAVE_ISSPACE 1
| #define HAVE_MEMCMP 1
| #define HAVE_MEMCPY 1
| #define HAVE_MEMMOVE 1
| #define HAVE_PRINTF 1
| #define HAVE_QSORT 1
| #define HAVE_RAISE 1
| #define HAVE_RAND 1
| #define HAVE_STRCASECMP 1
| #define HAVE_STRCAT 1
| #define HAVE_STRCHR 1
| #define HAVE_STRDUP 1
| #define HAVE_STRERROR 1
| #define HAVE_STRNCAT 1
| #define HAVE_STRNCMP 1
| #define HAVE_STRRCHR 1
| #define HAVE_STRSEP 1
| #define HAVE_STRTOL 1
| #define HAVE_STRTOUL 1
| #define HAVE_BACKTRACE 1
| #define HAVE_BACKTRACE_SYMBOLS 1
| #define HAVE_FCHMOD 1
| #define HAVE_FCLOSE 1
| #define HAVE_FCNTL 1
| #define HAVE_FDATASYNC 1
| #define HAVE_FGETC 1
| #define HAVE_FGETS 1
| #define HAVE_FOPEN 1
| #define HAVE_FWRITE 1
| #define HAVE_GETGID 1
| #define HAVE_GETRUSAGE 1
| #define HAVE_GETUID 1
| #define HAVE_HSTRERROR 1
| #define HAVE_MPROTECT 1
| #define HAVE_SCHED_YIELD 1
| #define HAVE_SELECT 1
| #define HAVE_SETGID 1
| #define HAVE_SETUID 1
| #define HAVE_SIGACTION 1
| #define HAVE_SNPRINTF 1
| #define HAVE_STAT 1
| #define HAVE_SYSCONF 1
| #define HAVE_VSNPRINTF 1
| #define HAVE_GETTIMEOFDAY 1
| #define HAVE_LOCALTIME 1
| #define HAVE_TIME 1
| #define HAVE_STRFTIME 1
| #define HAVE_CLOCK_GETTIME 1
| #define HAVE_CLOCK_MONOTONIC 1
| #define HAVE_CTIME_R 1
| /* end confdefs.h.  */
| 
| #include <time.h>
| int
| main ()
| {
| 
| 	ctime_r(NULL, NULL, 100);
| 
|   ;
|   return 0;
| }
configure:33957: result: 2-argument
configure:33983: checking for ftruncate
configure:34039: cc -o conftest -O3    conftest.c  -lpthread >&5
configure:34045: $? = 0
configure:34063: result: yes
configure:34088: checking for pread
configure:34144: cc -o conftest -O3    conftest.c  -lpthread >&5
configure:34150: $? = 0
configure:34168: result: yes
configure:34088: checking for pwrite
configure:34144: cc -o conftest -O3    conftest.c  -lpthread >&5
configure:34150: $? = 0
configure:34168: result: yes
configure:34182: checking for getaddrinfo
configure:34213: cc -o conftest -O3    conftest.c  -lpthread >&5
configure:34219: $? = 0
configure:34236: result: yes
configure:34249: checking for fcntl/F_SETFD
configure:34280: cc -o conftest -O3    conftest.c  -lpthread >&5
configure:34286: $? = 0
configure:34303: result: yes
configure:34403: checking for special C compiler options needed for large files
configure:34496: result: no
configure:34502: checking for _FILE_OFFSET_BITS value needed for large files
configure:34537: cc -c -O3   conftest.c >&5
configure:34543: $? = 0
configure:34611: result: no
configure:34871: checking for mlock
configure:34927: cc -o conftest -O3    conftest.c  -lpthread >&5
configure:34933: $? = 0
configure:34951: result: yes
configure:34871: checking for munlock
configure:34927: cc -o conftest -O3    conftest.c  -lpthread >&5
configure:34933: $? = 0
configure:34951: result: yes
configure:34966: checking for mmap
configure:35022: cc -o conftest -O3    conftest.c  -lpthread >&5
configure:35028: $? = 0
configure:35046: result: yes
configure:34966: checking for munmap
configure:35022: cc -o conftest -O3    conftest.c  -lpthread >&5
configure:35028: $? = 0
configure:35046: result: yes
configure:35075: checking for shmget
configure:35131: cc -o conftest -O3    conftest.c  -lpthread >&5
configure:35137: $? = 0
configure:35155: result: yes
configure:35169: checking for shmctl
configure:35202: cc -o conftest -O3    conftest.c  -lpthread >&5
conftest.c:126:13: error: use of undeclared identifier 'SHM_LOCK'
                shmctl(0, SHM_LOCK, NULL);
                          ^
1 error generated.
configure:35208: $? = 1
configure: failed program was:
| /* confdefs.h.  */
| #define PACKAGE_NAME "Berkeley DB"
| #define PACKAGE_TARNAME "db-4.7.25"
| #define PACKAGE_VERSION "4.7.25"
| #define PACKAGE_STRING "Berkeley DB 4.7.25"
| #define PACKAGE_BUGREPORT "Oracle Technology Network Berkeley DB forum"
| #define HAVE_UPGRADE_SUPPORT 1
| #define STDC_HEADERS 1
| #define HAVE_SYS_TYPES_H 1
| #define HAVE_SYS_STAT_H 1
| #define HAVE_STDLIB_H 1
| #define HAVE_STRING_H 1
| #define HAVE_MEMORY_H 1
| #define HAVE_STRINGS_H 1
| #define HAVE_INTTYPES_H 1
| #define HAVE_STDINT_H 1
| #define HAVE_UNISTD_H 1
| #define HAVE_DLFCN_H 1
| #define HAVE_SYSTEM_INCLUDE_FILES 1
| #define TIME_WITH_SYS_TIME 1
| #define HAVE_DIRENT_H 1
| #define HAVE_EXECINFO_H 1
| #define HAVE_SYS_SELECT_H 1
| #define HAVE_SYS_SOCKET_H 1
| #define HAVE_SYS_TIME_H 1
| #define HAVE_STRUCT_STAT_ST_BLKSIZE 1
| #define SIZEOF_CHAR 1
| #define SIZEOF_UNSIGNED_CHAR 1
| #define SIZEOF_SHORT 2
| #define SIZEOF_UNSIGNED_SHORT 2
| #define SIZEOF_INT 4
| #define SIZEOF_UNSIGNED_INT 4
| #define SIZEOF_LONG 8
| #define SIZEOF_UNSIGNED_LONG 8
| #define SIZEOF_LONG_LONG 8
| #define SIZEOF_UNSIGNED_LONG_LONG 8
| #define SIZEOF_CHAR_P 8
| #define SIZEOF_SIZE_T 8
| #define HAVE_EXIT_SUCCESS 1
| #define HAVE_GETOPT_OPTRESET 1
| #define HAVE_MUTEX_PTHREADS 1
| #define HAVE_MUTEX_X86_64_GCC_ASSEMBLY 1
| #define HAVE_MUTEX_SUPPORT 1
| #define HAVE_MUTEX_HYBRID 1
| #define HAVE_SIMPLE_THREAD_TYPE 1
| #define HAVE_REPLICATION_THREADS 1
| #define HAVE_ABORT 1
| #define HAVE_ATOI 1
| #define HAVE_ATOL 1
| #define HAVE_GETCWD 1
| #define HAVE_GETENV 1
| #define HAVE_GETOPT 1
| #define HAVE_ISALPHA 1
| #define HAVE_ISDIGIT 1
| #define HAVE_ISPRINT 1
| #define HAVE_ISSPACE 1
| #define HAVE_MEMCMP 1
| #define HAVE_MEMCPY 1
| #define HAVE_MEMMOVE 1
| #define HAVE_PRINTF 1
| #define HAVE_QSORT 1
| #define HAVE_RAISE 1
| #define HAVE_RAND 1
| #define HAVE_STRCASECMP 1
| #define HAVE_STRCAT 1
| #define HAVE_STRCHR 1
| #define HAVE_STRDUP 1
| #define HAVE_STRERROR 1
| #define HAVE_STRNCAT 1
| #define HAVE_STRNCMP 1
| #define HAVE_STRRCHR 1
| #define HAVE_STRSEP 1
| #define HAVE_STRTOL 1
| #define HAVE_STRTOUL 1
| #define HAVE_BACKTRACE 1
| #define HAVE_BACKTRACE_SYMBOLS 1
| #define HAVE_FCHMOD 1
| #define HAVE_FCLOSE 1
| #define HAVE_FCNTL 1
| #define HAVE_FDATASYNC 1
| #define HAVE_FGETC 1
| #define HAVE_FGETS 1
| #define HAVE_FOPEN 1
| #define HAVE_FWRITE 1
| #define HAVE_GETGID 1
| #define HAVE_GETRUSAGE 1
| #define HAVE_GETUID 1
| #define HAVE_HSTRERROR 1
| #define HAVE_MPROTECT 1
| #define HAVE_SCHED_YIELD 1
| #define HAVE_SELECT 1
| #define HAVE_SETGID 1
| #define HAVE_SETUID 1
| #define HAVE_SIGACTION 1
| #define HAVE_SNPRINTF 1
| #define HAVE_STAT 1
| #define HAVE_SYSCONF 1
| #define HAVE_VSNPRINTF 1
| #define HAVE_GETTIMEOFDAY 1
| #define HAVE_LOCALTIME 1
| #define HAVE_TIME 1
| #define HAVE_STRFTIME 1
| #define HAVE_CLOCK_GETTIME 1
| #define HAVE_CLOCK_MONOTONIC 1
| #define HAVE_CTIME_R 1
| #define HAVE_FTRUNCATE 1
| #define HAVE_PREAD 1
| #define HAVE_PWRITE 1
| #define HAVE_GETADDRINFO 1
| #define HAVE_FCNTL_F_SETFD 1
| #define HAVE_MLOCK 1
| #define HAVE_MUNLOCK 1
| #define HAVE_MMAP 1
| #define HAVE_MUNMAP 1
| #define HAVE_SHMGET 1
| /* end confdefs.h.  */
| 
| #include <sys/types.h>
| #include <sys/ipc.h>
| #include <sys/shm.h>
| #include <stdio.h>
| int
| main ()
| {
| 
| 		shmctl(0, SHM_LOCK, NULL);
| 
|   ;
|   return 0;
| }
configure:35225: result: no
configure:35580: checking for 64-bit integral type support for sequences
configure:35711: cc -o conftest -O3    conftest.c  -lpthread >&5
conftest.c:118:3: warning: type specifier missing, defaults to 'int' [-Wimplicit-int]
                main() {
                ^
conftest.c:125:10: warning: implicitly declaring library function 'snprintf' with type 'int (char *, unsigned long, const char *, ...)' [-Wimplicit-function-declaration]
                        (void)snprintf(buf, sizeof(buf), "%ld", l);
                              ^
conftest.c:125:10: note: include the header <stdio.h> or explicitly provide a declaration for 'snprintf'
conftest.c:126:8: warning: implicitly declaring library function 'strcmp' with type 'int (const char *, const char *)' [-Wimplicit-function-declaration]
                        if (strcmp(buf, "9223372036854775807"))
                            ^
conftest.c:126:8: note: include the header <string.h> or explicitly provide a declaration for 'strcmp'
3 warnings generated.
configure:35714: $? = 0
configure:35720: ./conftest
configure:35723: $? = 0
configure:35753: result: yes
configure:36043: creating ./config.status

## ---------------------- ##
## Running config.status. ##
## ---------------------- ##

This file was extended by Berkeley DB config.status 4.7.25, which was
generated by GNU Autoconf 2.61.  Invocation command line was

  CONFIG_FILES    = 
  CONFIG_HEADERS  = 
  CONFIG_LINKS    = 
  CONFIG_COMMANDS = 
  $ ./config.status 

on ARI-PAVILION

config.status:722: creating Makefile
config.status:722: creating db_cxx.h
config.status:722: creating db_int.h
config.status:722: creating clib_port.h
config.status:722: creating include.tcl
config.status:722: creating db.h
config.status:722: creating db_config.h

## ---------------- ##
## Cache variables. ##
## ---------------- ##

ac_cv_build=i386-apple-darwin19.6.0
ac_cv_c_compiler_gnu=yes
ac_cv_c_const=yes
ac_cv_c_inline=inline
ac_cv_env_CCC_set=
ac_cv_env_CCC_value=
ac_cv_env_CC_set=
ac_cv_env_CC_value=
ac_cv_env_CFLAGS_set=
ac_cv_env_CFLAGS_value=
ac_cv_env_CPPFLAGS_set=
ac_cv_env_CPPFLAGS_value=
ac_cv_env_CPP_set=
ac_cv_env_CPP_value=
ac_cv_env_CXXCPP_set=
ac_cv_env_CXXCPP_value=
ac_cv_env_CXXFLAGS_set=
ac_cv_env_CXXFLAGS_value=
ac_cv_env_CXX_set=
ac_cv_env_CXX_value=
ac_cv_env_F77_set=
ac_cv_env_F77_value=
ac_cv_env_FFLAGS_set=
ac_cv_env_FFLAGS_value=
ac_cv_env_LDFLAGS_set=
ac_cv_env_LDFLAGS_value=
ac_cv_env_LIBS_set=
ac_cv_env_LIBS_value=
ac_cv_env_build_alias_set=
ac_cv_env_build_alias_value=
ac_cv_env_host_alias_set=
ac_cv_env_host_alias_value=
ac_cv_env_target_alias_set=
ac_cv_env_target_alias_value=
ac_cv_f77_compiler_gnu=no
ac_cv_func__fstati64=no
ac_cv_func_abort=yes
ac_cv_func_atoi=yes
ac_cv_func_atol=yes
ac_cv_func_backtrace=yes
ac_cv_func_backtrace_symbols=yes
ac_cv_func_clock_gettime=yes
ac_cv_func_ctime_r=yes
ac_cv_func_directio=no
ac_cv_func_fchmod=yes
ac_cv_func_fclose=yes
ac_cv_func_fcntl=yes
ac_cv_func_fdatasync=yes
ac_cv_func_fgetc=yes
ac_cv_func_fgets=yes
ac_cv_func_fopen=yes
ac_cv_func_ftruncate=yes
ac_cv_func_fwrite=yes
ac_cv_func_getcwd=yes
ac_cv_func_getenv=yes
ac_cv_func_getgid=yes
ac_cv_func_getopt=yes
ac_cv_func_getrusage=yes
ac_cv_func_gettimeofday=yes
ac_cv_func_getuid=yes
ac_cv_func_hstrerror=yes
ac_cv_func_isalpha=yes
ac_cv_func_isdigit=yes
ac_cv_func_isprint=yes
ac_cv_func_isspace=yes
ac_cv_func_localtime=yes
ac_cv_func_memcmp=yes
ac_cv_func_memcpy=yes
ac_cv_func_memmove=yes
ac_cv_func_mlock=yes
ac_cv_func_mmap=yes
ac_cv_func_mprotect=yes
ac_cv_func_munlock=yes
ac_cv_func_munmap=yes
ac_cv_func_pread=yes
ac_cv_func_printf=yes
ac_cv_func_pstat_getdynamic=no
ac_cv_func_pthread_yield=no
ac_cv_func_pwrite=yes
ac_cv_func_qsort=yes
ac_cv_func_raise=yes
ac_cv_func_rand=yes
ac_cv_func_sched_yield=yes
ac_cv_func_select=yes
ac_cv_func_setgid=yes
ac_cv_func_setuid=yes
ac_cv_func_shmget=yes
ac_cv_func_sigaction=yes
ac_cv_func_snprintf=yes
ac_cv_func_stat=yes
ac_cv_func_strcasecmp=yes
ac_cv_func_strcat=yes
ac_cv_func_strchr=yes
ac_cv_func_strdup=yes
ac_cv_func_strerror=yes
ac_cv_func_strftime=yes
ac_cv_func_strncat=yes
ac_cv_func_strncmp=yes
ac_cv_func_strrchr=yes
ac_cv_func_strsep=yes
ac_cv_func_strtol=yes
ac_cv_func_strtoul=yes
ac_cv_func_sysconf=yes
ac_cv_func_time=yes
ac_cv_func_vsnprintf=yes
ac_cv_func_yield=no
ac_cv_header_dirent_dirent_h=yes
ac_cv_header_dlfcn_h=yes
ac_cv_header_execinfo_h=yes
ac_cv_header_inttypes_h=yes
ac_cv_header_memory_h=yes
ac_cv_header_stat_broken=no
ac_cv_header_stdc=yes
ac_cv_header_stddef_h=yes
ac_cv_header_stdint_h=yes
ac_cv_header_stdlib_h=yes
ac_cv_header_string_h=yes
ac_cv_header_strings_h=yes
ac_cv_header_sys_select_h=yes
ac_cv_header_sys_socket_h=yes
ac_cv_header_sys_stat_h=yes
ac_cv_header_sys_time_h=yes
ac_cv_header_sys_types_h=yes
ac_cv_header_time=yes
ac_cv_header_unistd_h=yes
ac_cv_host=i386-apple-darwin19.6.0
ac_cv_lib_m=ac_cv_lib_m_main
ac_cv_lib_m_main=yes
ac_cv_lib_nsl=ac_cv_lib_nsl_main
ac_cv_lib_nsl_main=no
ac_cv_lib_pthread=ac_cv_lib_pthread_main
ac_cv_lib_pthread_main=yes
ac_cv_lib_socket=ac_cv_lib_socket_main
ac_cv_lib_socket_main=no
ac_cv_member_struct_stat_st_blksize=yes
ac_cv_objext=o
ac_cv_path_EGREP='/usr/bin/grep -E'
ac_cv_path_GREP=/usr/bin/grep
ac_cv_path_ac_pt_db_cv_path_sh=/bin/sh
ac_cv_path_install='/usr/bin/install -c'
ac_cv_prog_CPP='cc -E'
ac_cv_prog_ac_ct_AR=ar
ac_cv_prog_ac_ct_CC=cc
ac_cv_prog_ac_ct_CHMOD=chmod
ac_cv_prog_ac_ct_CP=cp
ac_cv_prog_ac_ct_LN=ln
ac_cv_prog_ac_ct_MKDIR=mkdir
ac_cv_prog_ac_ct_RANLIB=ranlib
ac_cv_prog_ac_ct_RM=rm
ac_cv_prog_ac_ct_STRIP=strip
ac_cv_prog_cc_c89=
ac_cv_prog_cc_g=yes
ac_cv_prog_f77_g=no
ac_cv_search_fdatasync='none required'
ac_cv_search_getaddrinfo='none required'
ac_cv_search_hstrerror='none required'
ac_cv_search_opendir='none required'
ac_cv_search_sched_yield='none required'
ac_cv_sizeof_char=1
ac_cv_sizeof_char_p=8
ac_cv_sizeof_int=4
ac_cv_sizeof_long=8
ac_cv_sizeof_long_long=8
ac_cv_sizeof_short=2
ac_cv_sizeof_size_t=8
ac_cv_sizeof_unsigned_char=1
ac_cv_sizeof_unsigned_int=4
ac_cv_sizeof_unsigned_long=8
ac_cv_sizeof_unsigned_long_long=8
ac_cv_sizeof_unsigned_short=2
ac_cv_sys_file_offset_bits=no
ac_cv_sys_largefile_CC=no
ac_cv_type_FILE_p=yes
ac_cv_type_char=yes
ac_cv_type_char_p=yes
ac_cv_type_int16_t=yes
ac_cv_type_int32_t=yes
ac_cv_type_int64_t=yes
ac_cv_type_int=yes
ac_cv_type_long=yes
ac_cv_type_long_long=yes
ac_cv_type_off_t=yes
ac_cv_type_pid_t=yes
ac_cv_type_short=yes
ac_cv_type_size_t=yes
ac_cv_type_socklen_t=yes
ac_cv_type_ssize_t=yes
ac_cv_type_time_t=yes
ac_cv_type_u_char=yes
ac_cv_type_u_int16_t=yes
ac_cv_type_u_int32_t=yes
ac_cv_type_u_int64_t=yes
ac_cv_type_u_int8_t=yes
ac_cv_type_u_int=yes
ac_cv_type_u_long=yes
ac_cv_type_u_short=yes
ac_cv_type_uintmax_t=yes
ac_cv_type_uintptr_t=yes
ac_cv_type_unsigned_char=yes
ac_cv_type_unsigned_int=yes
ac_cv_type_unsigned_long=yes
ac_cv_type_unsigned_long_long=yes
ac_cv_type_unsigned_short=yes
ac_pt_db_cv_path_sh=/bin/sh
db_cv_build_cryptography=yes
db_cv_build_hash=yes
db_cv_build_mutexsupport=yes
db_cv_build_queue=yes
db_cv_build_replication=yes
db_cv_build_replication_mgr=yes
db_cv_build_sequence=yes
db_cv_build_statistics=yes
db_cv_build_verify=yes
db_cv_clock_monotonic=yes
db_cv_compat185=no
db_cv_ctime_r_3arg=2-argument
db_cv_cxx=no
db_cv_debug=no
db_cv_debug_rop=no
db_cv_debug_wop=no
db_cv_diagnostic=no
db_cv_dump185=no
db_cv_exit_defines=yes
db_cv_fcntl_f_setfd=yes
db_cv_gcc_2_96=no
db_cv_getaddrinfo=yes
db_cv_gxx_except=no
db_cv_java=no
db_cv_mingw=no
db_cv_mutex=POSIX/pthreads/library/x86_64/gcc-assembly
db_cv_o_direct=no
db_cv_optreset=yes
db_cv_path_sh=/bin/sh
db_cv_posixmutexes=no
db_cv_pthread_api=no
db_cv_rpc=no
db_cv_seq_fmt='"%ld"'
db_cv_seq_type=long
db_cv_seq_ufmt='"%lu"'
db_cv_shmctl_shm_lock=no
db_cv_smallbuild=no
db_cv_tcl=no
db_cv_test=no
db_cv_uimutexes=no
db_cv_umrw=no
db_cv_uniquename=no
lt_cv_deplibs_check_method=pass_all
lt_cv_file_magic_cmd='$MAGIC_CMD'
lt_cv_file_magic_test_file=
lt_cv_ld_reload_flag=-r
lt_cv_objdir=.libs
lt_cv_path_LD=/Applications/Xcode.app/Contents/Developer/Toolchains/XcodeDefault.xctoolchain/usr/bin/ld
lt_cv_path_NM='/usr/bin/nm -B'
lt_cv_path_SED=/usr/bin/sed
lt_cv_prog_compiler_c_o=yes
lt_cv_prog_compiler_rtti_exceptions=yes
lt_cv_prog_gnu_ld=no
lt_cv_sys_global_symbol_pipe='sed -n -e '\''s/^.*[ 	]\([BCDEGRST][BCDEGRST]*\)[ 	][ 	]*_\([_A-Za-z][_A-Za-z0-9]*\)$/\1 _\2 \2/p'\'''
lt_cv_sys_global_symbol_to_c_name_address='sed -n -e '\''s/^: \([^ ]*\) $/  {\"\1\", (lt_ptr) 0},/p'\'' -e '\''s/^[BCDEGRST] \([^ ]*\) \([^ ]*\)$/  {"\2", (lt_ptr) \&\2},/p'\'''
lt_cv_sys_global_symbol_to_cdecl='sed -n -e '\''s/^. .* \(.*\)$/extern int \1;/p'\'''
lt_cv_sys_max_cmd_len=196608
lt_lt_cv_prog_compiler_c_o='"yes"'
lt_lt_cv_sys_global_symbol_pipe='"sed -n -e '\''s/^.*[ 	]\\([BCDEGRST][BCDEGRST]*\\)[ 	][ 	]*_\\([_A-Za-z][_A-Za-z0-9]*\\)\$/\\1 _\\2 \\2/p'\''"'
lt_lt_cv_sys_global_symbol_to_c_name_address='"sed -n -e '\''s/^: \\([^ ]*\\) \$/  {\\\"\\1\\\", (lt_ptr) 0},/p'\'' -e '\''s/^[BCDEGRST] \\([^ ]*\\) \\([^ ]*\\)\$/  {\"\\2\", (lt_ptr) \\&\\2},/p'\''"'
lt_lt_cv_sys_global_symbol_to_cdecl='"sed -n -e '\''s/^. .* \\(.*\\)\$/extern int \\1;/p'\''"'

## ----------------- ##
## Output variables. ##
## ----------------- ##

ADDITIONAL_INCS=''
ADDITIONAL_LANG=''
ADDITIONAL_OBJS='mut_tas.o mut_pthread.o  $(BTREE_OBJS) $(HASH_OBJS) $(HASH_VRFY_OBJS) $(QUEUE_OBJS) $(QUEUE_VRFY_OBJS) $(REP_OBJS) $(REPMGR_OBJS) $(BTREE_VRFY_OBJS) $(LOCK_OBJS) $(MUTEX_OBJS)'
ADDITIONAL_PROGS=''
AR='ar'
BUILD_TARGET='library_build'
CC='cc'
CCC='CXX'
CFLAGS='-O3 '
CHMOD='chmod'
CONFIGURATION_ARGS=''
CONFIGURATION_PATH=''
CP='cp'
CPP='cc -E'
CPPFLAGS=''
CRYPTO_OBJS='$(CRYPTO_OBJS)'
CXX=''
CXXCPP=''
CXXFLAGS='-O'
DB_CONST=''
DB_PROTO1='#undef __P'
DB_PROTO2='#define	__P(protos)	protos'
DB_VERSION_MAJOR='4'
DB_VERSION_MINOR='7'
DB_VERSION_PATCH='25'
DB_VERSION_STRING='"Berkeley DB 4.7.25: (May 15, 2008)"'
DB_VERSION_UNIQUE_NAME=''
DEFAULT_LIB='$(libdb_version)'
DEFAULT_LIB_CXX=''
DEFS='-DHAVE_CONFIG_H'
ECHO='/bin/echo'
ECHO_C='ECHO_N=''
ECHO_T=''
EGREP='/usr/bin/grep -E'
EXEEXT=''
F77=''
FFLAGS=''
FILE_t_decl=''
GREP='/usr/bin/grep'
INSTALLER='$(LIBTOOL) --mode=install cp -p'
INSTALL_DATA='${INSTALL} -m 644'
INSTALL_LIBS='$(libdb_version) $(libdb)'
INSTALL_PROGRAM='${INSTALL}'
INSTALL_SCRIPT='${INSTALL}'
INSTALL_TARGET='library_install'
INT64_FMT='#define	INT64_FMT	"%ld"'
JAR=''
JAVA=''
JAVAC='nojavac'
JAVACFLAGS=''
JMODSUFFIX='.jnilib'
KILL=''
LDFLAGS=''
LIBCSO_LIBS=''
LIBJSO_LIBS=''
LIBOBJS=''
LIBS=' -lpthread'
LIBSO_LIBS=' -lpthread'
LIBTOOL='$(SHELL) ./libtool'
LIBTSO_LIBS=''
LIBTSO_MODSUFFIX='.dylib'
LIBTSO_MODULE=''
LIBXSO_LIBS=''
LN='ln'
LN_S='ln -s'
LTLIBOBJS=''
MAKEFILE_CC='$(LIBTOOL) --mode=compile cc'
MAKEFILE_CCLINK='$(LIBTOOL) --mode=link cc'
MAKEFILE_CXX='$(LIBTOOL) --mode=compile nocxx'
MAKEFILE_CXXLINK='$(LIBTOOL) --mode=link nocxx'
MAKEFILE_SOLINK='$(LIBTOOL) --mode=link cc -avoid-version'
MAKEFILE_XSOLINK='$(LIBTOOL) --mode=link nocxx -avoid-version'
MKDIR='mkdir'
MODSUFFIX='.so'
OBJEXT='o'
OSDIR='os'
PACKAGE_BUGREPORT='Oracle Technology Network Berkeley DB forum'
PACKAGE_NAME='Berkeley DB'
PACKAGE_STRING='Berkeley DB 4.7.25'
PACKAGE_TARNAME='db-4.7.25'
PACKAGE_VERSION='4.7.25'
PATH_SEPARATOR='/'
POSTLINK=': '
RANLIB='ranlib'
REPLACEMENT_OBJS=''
RM='rm'
RPCGEN=''
RPC_CLIENT_OBJS=''
RPC_SERVER_H=''
SHELL='/bin/sh'
SOFLAGS='-rpath $(libdir)'
SOSUFFIX='.dylib'
STRIP='strip'
SWIGCFLAGS=''
TCL_BIN_DIR=''
TCL_INCLUDE_SPEC=''
TCL_LIB_FILE=''
TCL_SRC_DIR=''
TCL_TCLSH=''
TEST_LIBS=' -lm -lpthread'
UINT64_FMT='#define	UINT64_FMT	"%lu"'
_ACJNI_JAVAC=''
ac_ct_CC='cc'
ac_ct_CXX=''
ac_ct_F77=''
bindir='${exec_prefix}/bin'
build='i386-apple-darwin19.6.0'
build_alias=''
build_cpu='i386'
build_os='darwin19.6.0'
build_vendor='apple'
cxx_have_stdheaders=''
datadir='${datarootdir}'
datarootdir='${prefix}/share'
db_cv_path_sh='/bin/sh'
db_int_def=''
db_seq_decl='typedef int64_t db_seq_t;'
db_threadid_t_decl='typedef pthread_t db_threadid_t;'
docdir='/usr/BerkeleyDB/docs'
dvidir='${docdir}'
exec_prefix='${prefix}'
host='i386-apple-darwin19.6.0'
host_alias=''
host_cpu='i386'
host_os='darwin19.6.0'
host_vendor='apple'
htmldir='${docdir}'
includedir='${prefix}/include'
infodir='${datarootdir}/info'
int16_decl=''
int32_decl=''
int64_decl=''
inttypes_h_decl='#include <inttypes.h>'
libdir='${exec_prefix}/lib'
libexecdir='${exec_prefix}/libexec'
localedir='${datarootdir}/locale'
localstatedir='${prefix}/var'
mandir='${datarootdir}/man'
o='.o'
off_t_decl=''
oldincludedir='/usr/include'
pdfdir='${docdir}'
pid_t_decl=''
platform_footer=''
platform_header=''
prefix='/usr'
program_transform_name='s,x,x,'
psdir='${docdir}'
sbindir='${exec_prefix}/sbin'
sharedstatedir='${prefix}/com'
size_t_decl=''
ssize_t_decl=''
stddef_h_decl='#include <stddef.h>'
stdint_h_decl='#include <stdint.h>'
sysconfdir='${prefix}/etc'
target_alias=''
thread_h_decl='#include <pthread.h>'
time_t_decl=''
u_char_decl=''
u_int16_decl=''
u_int32_decl=''
u_int64_decl=''
u_int8_decl=''
u_int_decl=''
u_long_decl=''
u_short_decl=''
uintmax_t_decl=''
uintptr_t_decl=''
unistd_h_decl='#include <unistd.h>'
uudecode=''

## ----------- ##
## confdefs.h. ##
## ----------- ##

#define PACKAGE_NAME "Berkeley DB"
#define PACKAGE_TARNAME "db-4.7.25"
#define PACKAGE_VERSION "4.7.25"
#define PACKAGE_STRING "Berkeley DB 4.7.25"
#define PACKAGE_BUGREPORT "Oracle Technology Network Berkeley DB forum"
#define HAVE_UPGRADE_SUPPORT 1
#define STDC_HEADERS 1
#define HAVE_SYS_TYPES_H 1
#define HAVE_SYS_STAT_H 1
#define HAVE_STDLIB_H 1
#define HAVE_STRING_H 1
#define HAVE_MEMORY_H 1
#define HAVE_STRINGS_H 1
#define HAVE_INTTYPES_H 1
#define HAVE_STDINT_H 1
#define HAVE_UNISTD_H 1
#define HAVE_DLFCN_H 1
#define HAVE_SYSTEM_INCLUDE_FILES 1
#define TIME_WITH_SYS_TIME 1
#define HAVE_DIRENT_H 1
#define HAVE_EXECINFO_H 1
#define HAVE_SYS_SELECT_H 1
#define HAVE_SYS_SOCKET_H 1
#define HAVE_SYS_TIME_H 1
#define HAVE_STRUCT_STAT_ST_BLKSIZE 1
#define SIZEOF_CHAR 1
#define SIZEOF_UNSIGNED_CHAR 1
#define SIZEOF_SHORT 2
#define SIZEOF_UNSIGNED_SHORT 2
#define SIZEOF_INT 4
#define SIZEOF_UNSIGNED_INT 4
#define SIZEOF_LONG 8
#define SIZEOF_UNSIGNED_LONG 8
#define SIZEOF_LONG_LONG 8
#define SIZEOF_UNSIGNED_LONG_LONG 8
#define SIZEOF_CHAR_P 8
#define SIZEOF_SIZE_T 8
#define HAVE_EXIT_SUCCESS 1
#define HAVE_GETOPT_OPTRESET 1
#define HAVE_MUTEX_PTHREADS 1
#define HAVE_MUTEX_X86_64_GCC_ASSEMBLY 1
#define HAVE_MUTEX_SUPPORT 1
#define HAVE_MUTEX_HYBRID 1
#define HAVE_SIMPLE_THREAD_TYPE 1
#define HAVE_REPLICATION_THREADS 1
#define HAVE_ABORT 1
#define HAVE_ATOI 1
#define HAVE_ATOL 1
#define HAVE_GETCWD 1
#define HAVE_GETENV 1
#define HAVE_GETOPT 1
#define HAVE_ISALPHA 1
#define HAVE_ISDIGIT 1
#define HAVE_ISPRINT 1
#define HAVE_ISSPACE 1
#define HAVE_MEMCMP 1
#define HAVE_MEMCPY 1
#define HAVE_MEMMOVE 1
#define HAVE_PRINTF 1
#define HAVE_QSORT 1
#define HAVE_RAISE 1
#define HAVE_RAND 1
#define HAVE_STRCASECMP 1
#define HAVE_STRCAT 1
#define HAVE_STRCHR 1
#define HAVE_STRDUP 1
#define HAVE_STRERROR 1
#define HAVE_STRNCAT 1
#define HAVE_STRNCMP 1
#define HAVE_STRRCHR 1
#define HAVE_STRSEP 1
#define HAVE_STRTOL 1
#define HAVE_STRTOUL 1
#define HAVE_BACKTRACE 1
#define HAVE_BACKTRACE_SYMBOLS 1
#define HAVE_FCHMOD 1
#define HAVE_FCLOSE 1
#define HAVE_FCNTL 1
#define HAVE_FDATASYNC 1
#define HAVE_FGETC 1
#define HAVE_FGETS 1
#define HAVE_FOPEN 1
#define HAVE_FWRITE 1
#define HAVE_GETGID 1
#define HAVE_GETRUSAGE 1
#define HAVE_GETUID 1
#define HAVE_HSTRERROR 1
#define HAVE_MPROTECT 1
#define HAVE_SCHED_YIELD 1
#define HAVE_SELECT 1
#define HAVE_SETGID 1
#define HAVE_SETUID 1
#define HAVE_SIGACTION 1
#define HAVE_SNPRINTF 1
#define HAVE_STAT 1
#define HAVE_SYSCONF 1
#define HAVE_VSNPRINTF 1
#define HAVE_GETTIMEOFDAY 1
#define HAVE_LOCALTIME 1
#define HAVE_TIME 1
#define HAVE_STRFTIME 1
#define HAVE_CLOCK_GETTIME 1
#define HAVE_CLOCK_MONOTONIC 1
#define HAVE_CTIME_R 1
#define HAVE_FTRUNCATE 1
#define HAVE_PREAD 1
#define HAVE_PWRITE 1
#define HAVE_GETADDRINFO 1
#define HAVE_FCNTL_F_SETFD 1
#define HAVE_MLOCK 1
#define HAVE_MUNLOCK 1
#define HAVE_MMAP 1
#define HAVE_MUNMAP 1
#define HAVE_SHMGET 1
#define HAVE_64BIT_TYPES 1
#define HAVE_HASH 1
#define HAVE_QUEUE 1
#define HAVE_REPLICATION 1
#define HAVE_STATISTICS 1
#define HAVE_VERIFY 1
#define HAVE_CRYPTO 1

configure: exit 0
